
SQL*Plus: Release 10.2.0.4.0 - Production on Sun May 3 01:52:59 2015

Copyright (c) 1982, 2007, Oracle.  All Rights Reserved.


Connected to:
Oracle Database 11g Enterprise Edition Release 11.2.0.4.0 - 64bit Production
With the Partitioning, OLAP, Data Mining and Real Application Testing options


0 rows updated.


0 rows updated.


0 rows updated.


0 rows updated.


0 rows updated.


0 rows updated.


0 rows updated.


0 rows updated.


0 rows updated.


0 rows updated.


0 rows updated.


0 rows updated.


0 rows updated.


0 rows updated.


0 rows updated.


0 rows updated.


0 rows updated.


0 rows updated.


0 rows updated.


0 rows updated.


0 rows updated.


0 rows updated.


0 rows updated.


0 rows updated.


0 rows updated.


0 rows updated.


1 row updated.


1 row updated.


1 row updated.


0 rows updated.


1 row deleted.


1 row deleted.


0 rows updated.


1 row created.


1 row updated.


1 row updated.


1 row updated.


1 row updated.


1 row updated.


1 row updated.


1 row updated.


1 row updated.


1 row updated.


1 row updated.


1 row updated.


0 rows updated.


1 row updated.


1 row updated.


1 row updated.


0 rows updated.


1 row updated.


1 row updated.


1 row updated.


1 row updated.


1 row updated.


0 rows updated.


1 row updated.


1 row updated.


1 row updated.


1 row updated.


1 row updated.


1 row updated.


1 row updated.


1 row updated.


1 row updated.


1 row updated.


1 row updated.


1 row created.


1 row created.


1 row created.


1 row created.


1 row created.


1 row created.


Commit complete.


Table altered.


Table altered.


Table altered.


1 row created.


1 row created.


1 row created.


1 row updated.


1 row updated.


1 row updated.


0 rows updated.


0 rows updated.


0 rows updated.


Table altered.


Table altered.


1 row created.


Table altered.

CREATE TABLE FILE_DATA (ID VARCHAR2(36), DATA BLOB DEFAULT EMPTY_BLOB())
             *
ERROR at line 1:
ORA-00955: name is already used by an existing object


ALTER TABLE NARRATIVE_ATTACHMENT ADD FILE_DATA_ID VARCHAR2(36)
                                     *
ERROR at line 1:
ORA-01430: column being added already exists in table



82423 rows updated.

INSERT INTO FILE_DATA (SELECT FILE_DATA_ID, NARRATIVE_DATA FROM NARRATIVE_ATTACHMENT)
                                            *
ERROR at line 1:
ORA-00904: "NARRATIVE_DATA": invalid identifier


ALTER TABLE NARRATIVE_ATTACHMENT MODIFY FILE_DATA_ID VARCHAR2(36) NOT NULL
                                        *
ERROR at line 1:
ORA-01442: column to be modified to NOT NULL is already NOT NULL


ALTER TABLE NARRATIVE_ATTACHMENT DROP COLUMN NARRATIVE_DATA
                                             *
ERROR at line 1:
ORA-00904: "NARRATIVE_DATA": invalid identifier


ALTER TABLE EPS_PROP_PERSON_BIO_ATTACHMENT ADD FILE_DATA_ID VARCHAR2(36)
                                               *
ERROR at line 1:
ORA-01430: column being added already exists in table



13128 rows updated.

INSERT INTO FILE_DATA (SELECT FILE_DATA_ID, BIO_DATA FROM EPS_PROP_PERSON_BIO_ATTACHMENT)
                                            *
ERROR at line 1:
ORA-00904: "BIO_DATA": invalid identifier


ALTER TABLE EPS_PROP_PERSON_BIO_ATTACHMENT MODIFY FILE_DATA_ID VARCHAR2(36) NOT NULL
                                                  *
ERROR at line 1:
ORA-01442: column to be modified to NOT NULL is already NOT NULL


ALTER TABLE EPS_PROP_PERSON_BIO_ATTACHMENT DROP COLUMN BIO_DATA
                                                       *
ERROR at line 1:
ORA-00904: "BIO_DATA": invalid identifier



6 rows deleted.

ALTER TABLE FILE_DATA ADD PRIMARY KEY(ID)
                          *
ERROR at line 1:
ORA-02260: table can have only one primary key



Table altered.


Commit complete.


Commit complete.

    ADD CONSTRAINT narrative_attachment_fk1
                   *
ERROR at line 2:
ORA-02298: cannot validate (KCSO.NARRATIVE_ATTACHMENT_FK1) - parent keys not
found


    ADD CONSTRAINT eps_prop_person_bio_attach_fk1
                   *
ERROR at line 2:
ORA-02298: cannot validate (KCSO.EPS_PROP_PERSON_BIO_ATTACH_FK1) - parent keys
not found



Function created.


Table altered.


Table altered.


841 rows updated.


841 rows updated.

INSERT INTO FILE_DATA (SELECT FILE_DATA_ID, SUB_AWARD_XFD_FILE FROM BUDGET_SUB_AWARDS WHERE FILE_DATA_ID IS NOT NULL)
                                            *
ERROR at line 1:
ORA-00932: inconsistent datatypes: expected CHAR got BLOB


    ADD CONSTRAINT FK2_BUDGET_SUB_AWARDS
                   *
ERROR at line 2:
ORA-02298: cannot validate (KCSO.FK2_BUDGET_SUB_AWARDS) - parent keys not found


    ADD CONSTRAINT FK3_BUDGET_SUB_AWARDS
                   *
ERROR at line 2:
ORA-02298: cannot validate (KCSO.FK3_BUDGET_SUB_AWARDS) - parent keys not found


DECLARE
*
ERROR at line 1:
ORA-01422: exact fetch returns more than requested number of rows
ORA-06512: at line 7



Table altered.


Table altered.


1 row created.


1 row created.


1 row created.


1 row created.


1 row created.


1 row created.


1 row created.


1 row created.


1 row created.


1 row created.


1 row created.


1 row created.


1 row created.


1 row created.

VALUES (SEQ_QUESTIONNAIRE_REF_ID.NEXTVAL,(SELECT QUESTIONNAIRE_REF_ID FROM QUESTIONNAIRE WHERE NAME = 'NSF cover page 1-6 supporting questions' AND SEQUENCE_NUMBER = 1),(SELECT max(QUESTION_REF_ID) FROM QUESTION WHERE QUESTION = 'Results from prior NSF support: Has the PI or any co-PI identified on the project received NSF funding in the past five (5) years?' AND SEQUENCE_NUMBER = 1),9,0,1,'N',null,null,'admin',sysdate,sys_guid(),1)
                                                                                                                                                                                 *
ERROR at line 2:
ORA-01400: cannot insert NULL into
("KCSO"."QUESTIONNAIRE_QUESTIONS"."QUESTION_REF_ID_FK")



1 row created.


1 row created.


1 row created.


1 row created.


1 row created.


1 row created.


1 row created.


1 row created.


1 row created.


1 row created.


1 row created.


1 row created.


1 row created.


1 row created.


1 row created.


Table altered.


Table altered.


82423 rows updated.


Table altered.


Table altered.


Table altered.


Table altered.


13128 rows updated.


Table altered.


Table altered.


PL/SQL procedure successfully completed.


Commit complete.


Commit complete.


Commit complete.

Disconnected from Oracle Database 11g Enterprise Edition Release 11.2.0.4.0 - 64bit Production
With the Partitioning, OLAP, Data Mining and Real Application Testing options
