
SQL*Plus: Release 10.2.0.4.0 - Production on Wed Feb 4 14:31:11 2015

Copyright (c) 1982, 2007, Oracle.  All Rights Reserved.


Connected to:
Oracle Database 11g Enterprise Edition Release 11.2.0.4.0 - 64bit Production
With the Partitioning, OLAP, Data Mining and Real Application Testing options


'RUNNINGDDLSNAPSHOT'
--------------------
running ddl snapshot


'RUNNINGDDLSNAPSHOT'
--------------------
running ddl snapshot


'RUNNINGDMLSNAPSHOT'
--------------------
running dml snapshot

SP2-0310: unable to open file "DML_MITKC-1040_02042015.sql"
SP2-0310: unable to open file "DML_MITKC-418_20150204.sql"

Commit complete.


Commit complete.


Commit complete.

Disconnected from Oracle Database 11g Enterprise Edition Release 11.2.0.4.0 - 64bit Production
With the Partitioning, OLAP, Data Mining and Real Application Testing options
