
SQL*Plus: Release 10.2.0.4.0 - Production on Mon Feb 16 14:31:40 2015

Copyright (c) 1982, 2007, Oracle.  All Rights Reserved.


Connected to:
Oracle Database 11g Enterprise Edition Release 11.2.0.4.0 - 64bit Production
With the Partitioning, OLAP, Data Mining and Real Application Testing options


'RUNNINGDDLSNAPSHOT'
--------------------
running ddl snapshot

SP2-0310: unable to open file "ddl/DDL_MITKC-532_02162015.sql"

Commit complete.


Commit complete.


'RUNNINGDMLSNAPSHOT'
--------------------
running dml snapshot


1 row created.


1 row created.


1 row created.


1 row created.


1 row created.

insert into KRMS_CNTXT_VLD_TERM_SPEC_T (CNTXT_TERM_SPEC_PREREQ_ID, CNTXT_ID, TERM_SPEC_ID, PREREQ)
*
ERROR at line 1:
ORA-00001: unique constraint (KCSO.SYS_C0065563) violated



1 row created.


1 row created.


1 row created.


1 row created.


1 row created.

SP2-0310: unable to open file "dml/DML_MITKC-799_02162015.sql"

Commit complete.


Commit complete.

Disconnected from Oracle Database 11g Enterprise Edition Release 11.2.0.4.0 - 64bit Production
With the Partitioning, OLAP, Data Mining and Real Application Testing options
