
SQL*Plus: Release 10.2.0.4.0 - Production on Thu Apr 16 17:27:03 2015

Copyright (c) 1982, 2007, Oracle.  All Rights Reserved.


Connected to:
Oracle Database 11g Enterprise Edition Release 11.2.0.4.0 - 64bit Production
With the Partitioning, OLAP, Data Mining and Real Application Testing options

SP2-0103: Nothing in SQL buffer to run.

'RUNNINGDDLSNAPSHOT'
--------------------
running ddl snapshot


'RUNNINGDDLSNAPSHOT'
--------------------
running ddl snapshot


'RUNNINGDMLSNAPSHOT'
--------------------
running dml snapshot

CREATE TABLE TMP_MIG_PROTO_DOC_MAPING(
             *
ERROR at line 1:
ORA-00955: name is already used by an existing object


INSERT INTO TMP_MIG_PROTO_DOC_MAPING(DOCUMENT_NUMBER, NEW_DOC_NUMBER)
            *
ERROR at line 1:
ORA-00913: too many values



Commit complete.

ALTER TABLE TMP_MIG_PROTO_DOC_MAPING ADD CONSTRAINT PK_DOCUMENT_NUMBER PRIMARY KEY(DOCUMENT_NUMBER)
                                                                       *
ERROR at line 1:
ORA-02260: table can have only one primary key



Table altered.


0 rows updated.


Commit complete.


0 rows updated.


0 rows updated.


0 rows updated.


0 rows updated.


0 rows updated.


0 rows updated.


0 rows updated.


0 rows updated.


Commit complete.


Table altered.


Commit complete.


Commit complete.


Commit complete.

Disconnected from Oracle Database 11g Enterprise Edition Release 11.2.0.4.0 - 64bit Production
With the Partitioning, OLAP, Data Mining and Real Application Testing options
