
SQL*Plus: Release 10.2.0.4.0 - Production on Mon Mar 23 09:36:24 2015

Copyright (c) 1982, 2007, Oracle.  All Rights Reserved.


Connected to:
Oracle Database 11g Enterprise Edition Release 11.2.0.4.0 - 64bit Production
With the Partitioning, OLAP, Data Mining and Real Application Testing options


'RUNNINGDDLSNAPSHOT'
--------------------
running ddl snapshot


'RUNNINGDDLSNAPSHOT'
--------------------
running ddl snapshot


'RUNNINGDMLSNAPSHOT'
--------------------
running dml snapshot


1 row created.


1 row created.


1 row created.


1 row created.


1 row created.


1 row created.


1 row created.

UPDATE KRIM_ROLE_MEMBER_T SET ROLE_ID=(SELECT ROLE_ID FROM KRIM_ROLE_T WHERE NMSPC_CD = 'KC-AWARD' AND ROLE_NM = 'Maintain Key Person')
       *
ERROR at line 1:
ORA-00942: table or view does not exist



1 row deleted.

DELETE FROM KRIM_ROLE_T WHERE NMSPC_CD = 'KC-ADM' AND ROLE_NM = 'Maintain Key Person'
*
ERROR at line 1:
ORA-02292: integrity constraint (KCSO.FK_KC_ROLE_CNTRAL_MAP) violated - child
record found



Commit complete.


Commit complete.


Commit complete.

Disconnected from Oracle Database 11g Enterprise Edition Release 11.2.0.4.0 - 64bit Production
With the Partitioning, OLAP, Data Mining and Real Application Testing options
