
SQL*Plus: Release 10.2.0.4.0 - Production on Tue Apr 21 17:12:16 2015

Copyright (c) 1982, 2007, Oracle.  All Rights Reserved.


Connected to:
Oracle Database 11g Enterprise Edition Release 11.2.0.4.0 - 64bit Production
With the Partitioning, OLAP, Data Mining and Real Application Testing options

SP2-0103: Nothing in SQL buffer to run.

'RUNNINGDDLSNAPSHOT'
--------------------
running ddl snapshot


'RUNNINGDDLSNAPSHOT'
--------------------
running ddl snapshot


'RUNNINGDMLSNAPSHOT'
--------------------
running dml snapshot


0 rows deleted.

alter table award_report_tracking modify last_update_user null
                                         *
ERROR at line 1:
ORA-01451: column to be modified to NULL cannot be modified to NULL



Commit complete.


Commit complete.


Commit complete.

Disconnected from Oracle Database 11g Enterprise Edition Release 11.2.0.4.0 - 64bit Production
With the Partitioning, OLAP, Data Mining and Real Application Testing options
