
SQL*Plus: Release 10.2.0.4.0 - Production on Wed Jan 21 16:09:45 2015

Copyright (c) 1982, 2007, Oracle.  All Rights Reserved.


Connected to:
Oracle Database 11g Enterprise Edition Release 11.2.0.4.0 - 64bit Production
With the Partitioning, OLAP, Data Mining and Real Application Testing options


'RUNNINGDDLSNAPSHOT'
--------------------
running ddl snapshot


'RUNNINGDDLSNAPSHOT'
--------------------
running ddl snapshot


'RUNNINGDMLSNAPSHOT'
--------------------
running dml snapshot


Table dropped.


Table created.


292312 rows created.


PL/SQL procedure successfully completed.


Commit complete.


Table dropped.


Table created.


560762 rows created.


Table dropped.


Table created.


483543 rows created.


Index created.


Commit complete.


Index created.


Commit complete.


Index created.


Commit complete.


Index created.


Commit complete.


1532515 rows deleted.


1453410 rows deleted.


Table dropped.


Table created.


Commit complete.

DROP TABLE TEMP_AWARD_REPORT
           *
ERROR at line 1:
ORA-00942: table or view does not exist



Table created.


Commit complete.

DROP TABLE TEMP_AWD_REPORT_TERM
           *
ERROR at line 1:
ORA-00942: table or view does not exist



Table created.


Table dropped.


Table created.


269110 rows created.


Commit complete.


269110 rows created.


Commit complete.


214433 rows created.


Commit complete.


983753 rows created.


Commit complete.


257422 rows created.


Commit complete.


1168345 rows created.


Commit complete.


1198186 rows created.


Commit complete.

