
SQL*Plus: Release 10.2.0.4.0 - Production on Mon Apr 20 11:59:45 2015

Copyright (c) 1982, 2007, Oracle.  All Rights Reserved.


Connected to:
Oracle Database 11g Enterprise Edition Release 11.2.0.4.0 - 64bit Production
With the Partitioning, OLAP, Data Mining and Real Application Testing options

SP2-0103: Nothing in SQL buffer to run.

'RUNNINGDDLSNAPSHOT'
--------------------
running ddl snapshot


'RUNNINGDDLSNAPSHOT'
--------------------
running ddl snapshot


'RUNNINGDMLSNAPSHOT'
--------------------
running dml snapshot


0 rows updated.


1 row updated.


0 rows deleted.


1 row deleted.


1 row deleted.


1 row deleted.


1 row deleted.


1 row deleted.


1 row deleted.


0 rows updated.


0 rows updated.


1 row created.


1 row created.


3 rows deleted.


1 row deleted.


1 row deleted.

delete from KRIM_PERM_T where nm like 'Edit_WL'
*
ERROR at line 1:
ORA-02292: integrity constraint (KCSO.KRIM_ROLE_PERM_TR1) violated - child
record found


delete from KRIM_PERM_T where nm like 'View_WL'
*
ERROR at line 1:
ORA-02292: integrity constraint (KCSO.KRIM_ROLE_PERM_TR1) violated - child
record found


INSERT INTO KRIM_PERM_T(
*
ERROR at line 1:
ORA-00001: unique constraint (KCSO.KRIM_PERM_T_TC1) violated


INSERT INTO KRIM_PERM_T(
*
ERROR at line 1:
ORA-00001: unique constraint (KCSO.KRIM_PERM_T_TC1) violated



1 row created.


Commit complete.


1 row created.


1 row created.


1 row created.


1 row created.


Commit complete.


Commit complete.


Commit complete.

Disconnected from Oracle Database 11g Enterprise Edition Release 11.2.0.4.0 - 64bit Production
With the Partitioning, OLAP, Data Mining and Real Application Testing options
