
SQL*Plus: Release 10.2.0.4.0 - Production on Tue Mar 17 20:37:30 2015

Copyright (c) 1982, 2007, Oracle.  All Rights Reserved.


Connected to:
Oracle Database 11g Enterprise Edition Release 11.2.0.4.0 - 64bit Production
With the Partitioning, OLAP, Data Mining and Real Application Testing options


'RUNNINGDDLSNAPSHOT'
--------------------
running ddl snapshot


Table created.


Table altered.


Table altered.


Sequence created.

CREATE SEQUENCE SEQ_QUESTIONNAIRE_VAL_ID INCREMENT BY 1 START WITH 1 NOCACHE
                *
ERROR at line 1:
ORA-00955: name is already used by an existing object



'RUNNINGDMLSNAPSHOT'
--------------------
running dml snapshot


1 row created.


1 row created.


1 row created.


1 row created.


1 row created.


1 row created.


1 row created.


1 row created.


1 row created.


1 row created.


1 row created.


1 row created.


1 row created.


1 row created.


1 row created.


1 row created.


1 row created.


1 row created.


1 row created.


1 row created.


1 row created.


1 row created.


1 row created.


1 row created.


1 row created.


1 row created.


1 row created.


1 row created.


1 row created.


1 row created.


1 row created.


1 row created.


1 row created.


Commit complete.


Commit complete.

Disconnected from Oracle Database 11g Enterprise Edition Release 11.2.0.4.0 - 64bit Production
With the Partitioning, OLAP, Data Mining and Real Application Testing options
