
SQL*Plus: Release 10.2.0.4.0 - Production on Tue Jan 20 17:51:17 2015

Copyright (c) 1982, 2007, Oracle.  All Rights Reserved.


Connected to:
Oracle Database 11g Enterprise Edition Release 11.2.0.4.0 - 64bit Production
With the Partitioning, OLAP, Data Mining and Real Application Testing options


'RUNNINGDDLSNAPSHOT'
--------------------
running ddl snapshot


'RUNNINGDDLSNAPSHOT'
--------------------
running ddl snapshot


'RUNNINGDMLSNAPSHOT'
--------------------
running dml snapshot


Index dropped.


Index dropped.


Index created.


Index created.


Index created.


PL/SQL procedure successfully completed.


PL/SQL procedure successfully completed.


Commit complete.


Commit complete.


Commit complete.

Disconnected from Oracle Database 11g Enterprise Edition Release 11.2.0.4.0 - 64bit Production
With the Partitioning, OLAP, Data Mining and Real Application Testing options
