
SQL*Plus: Release 10.2.0.4.0 - Production on Tue Jan 20 17:40:08 2015

Copyright (c) 1982, 2007, Oracle.  All Rights Reserved.


Connected to:
Oracle Database 11g Enterprise Edition Release 11.2.0.4.0 - 64bit Production
With the Partitioning, OLAP, Data Mining and Real Application Testing options


'RUNNINGDDLSNAPSHOT'
--------------------
running ddl snapshot


'RUNNINGDDLSNAPSHOT'
--------------------
running ddl snapshot


'RUNNINGDMLSNAPSHOT'
--------------------
running dml snapshot


Index dropped.


Index dropped.


Index created.


Index created.

CREATE INDEX OSP$AWARD_AMOUNT_INFO_I4 ON OSP$AWARD_AMOUNT_INFO(MIT_AWARD_NUMBER,SEQUENCE_NUMBER,AMOUNT_SEQUENCE_NUMBER)
                                                               *
ERROR at line 1:
ORA-01408: such column list already indexed



PL/SQL procedure successfully completed.


PL/SQL procedure successfully completed.


Commit complete.


Commit complete.


Commit complete.

Disconnected from Oracle Database 11g Enterprise Edition Release 11.2.0.4.0 - 64bit Production
With the Partitioning, OLAP, Data Mining and Real Application Testing options
