
SQL*Plus: Release 10.2.0.4.0 - Production on Thu Apr 30 06:21:35 2015

Copyright (c) 1982, 2007, Oracle.  All Rights Reserved.


Connected to:
Oracle Database 11g Enterprise Edition Release 11.2.0.4.0 - 64bit Production
With the Partitioning, OLAP, Data Mining and Real Application Testing options

SP2-0103: Nothing in SQL buffer to run.

'RUNNINGDDLSNAPSHOT'
--------------------
running ddl snapshot


'RUNNINGDDLSNAPSHOT'
--------------------
running ddl snapshot


'RUNNINGDMLSNAPSHOT'
--------------------
running dml snapshot


1 row created.


1 row updated.


Commit complete.


Commit complete.


Commit complete.

Disconnected from Oracle Database 11g Enterprise Edition Release 11.2.0.4.0 - 64bit Production
With the Partitioning, OLAP, Data Mining and Real Application Testing options
