
SQL*Plus: Release 10.2.0.4.0 - Production on Fri Mar 13 07:49:46 2015

Copyright (c) 1982, 2007, Oracle.  All Rights Reserved.


Connected to:
Oracle Database 11g Enterprise Edition Release 11.2.0.4.0 - 64bit Production
With the Partitioning, OLAP, Data Mining and Real Application Testing options


'RUNNINGDDLSNAPSHOT'
--------------------
running ddl snapshot


'RUNNINGDDLSNAPSHOT'
--------------------
running ddl snapshot


'RUNNINGDMLSNAPSHOT'
--------------------
running dml snapshot


1 row updated.


1 row created.


1 row created.


1 row created.


1 row created.


Commit complete.


1 row created.


1 row created.


1 row created.


1 row created.


1 row updated.

SP2-0310: unable to open file "dml/DML_MITKC-33_20150313.sql"

Commit complete.


Commit complete.


Commit complete.

Disconnected from Oracle Database 11g Enterprise Edition Release 11.2.0.4.0 - 64bit Production
With the Partitioning, OLAP, Data Mining and Real Application Testing options
