
SQL*Plus: Release 10.2.0.4.0 - Production on Mon Apr 20 01:42:38 2015

Copyright (c) 1982, 2007, Oracle.  All Rights Reserved.


Connected to:
Oracle Database 11g Enterprise Edition Release 11.2.0.4.0 - 64bit Production
With the Partitioning, OLAP, Data Mining and Real Application Testing options

SP2-0103: Nothing in SQL buffer to run.

'RUNNINGDDLSNAPSHOT'
--------------------
running ddl snapshot

CREATE TABLE DASHBOARD_EXPENDITURES_WH
             *
ERROR at line 1:
ORA-00955: name is already used by an existing object


CREATE TABLE DASHBOARD_EXPENDITURES_WH
             *
ERROR at line 1:
ORA-00955: name is already used by an existing object



'RUNNINGDMLSNAPSHOT'
--------------------
running dml snapshot


Commit complete.


Commit complete.

Disconnected from Oracle Database 11g Enterprise Edition Release 11.2.0.4.0 - 64bit Production
With the Partitioning, OLAP, Data Mining and Real Application Testing options
