
SQL*Plus: Release 10.2.0.4.0 - Production on Wed Jan 7 14:08:23 2015

Copyright (c) 1982, 2007, Oracle.  All Rights Reserved.


Connected to:
Oracle Database 11g Enterprise Edition Release 11.2.0.4.0 - 64bit Production
With the Partitioning, OLAP, Data Mining and Real Application Testing options


Started role right migration.07-JAN-15 02.08.23.692979 PM
ALTER TABLE KRIM_ROLE_T DISABLE CONSTRAINT KRIM_ROLE_TP1
*
ERROR at line 1:
ORA-02297: cannot disable constraint (KCSO.KRIM_ROLE_TP1) - dependencies exist


truncate table KRIM_ROLE_T
               *
ERROR at line 1:
ORA-02266: unique/primary keys in table referenced by enabled foreign keys


insert into KRIM_ROLE_T(
*
ERROR at line 1:
ORA-00001: unique constraint (KCSO.KRIM_ROLE_TC0) violated


ALTER TABLE KRIM_PERM_ATTR_DATA_T ENABLE CONSTRAINT KRIM_PERM_ATTR_DATA_TR3
                                                    *
ERROR at line 1:
ORA-02298: cannot validate (KCSO.KRIM_PERM_ATTR_DATA_TR3) - parent keys not
found


ALTER TABLE KRIM_ROLE_PERM_T ENABLE CONSTRAINT KRIM_ROLE_PERM_TR1
                                               *
ERROR at line 1:
ORA-02298: cannot validate (KCSO.KRIM_ROLE_PERM_TR1) - parent keys not found



      2649
Missing ROLE_ID in KRIM_ROLE_T for ROLE_NM IRB Protocol Aggregator. The Error
is: ORA-01403: no data found
Missing ROLE_ID in KRIM_ROLE_T for ROLE_NM IRB Protocol Aggregator. The Error
is: ORA-01403: no data found
Missing ROLE_ID in KRIM_ROLE_T for ROLE_NM IRB Protocol Aggregator. The Error
is: ORA-01403: no data found
Missing ROLE_ID in KRIM_ROLE_T for ROLE_NM IRB Protocol Aggregator. The Error
is: ORA-01403: no data found
Missing ROLE_ID in KRIM_ROLE_T for ROLE_NM IRB Protocol Aggregator. The Error
is: ORA-01403: no data found
Loading user roles Completed!!
CREATE INDEX OSP$PROTOCOL_USER_ROLES_I ON OSP$PROTOCOL_USER_ROLES(PROTOCOL_NUMBER,SEQUENCE_NUMBER,ROLE_ID,USER_ID)
             *
ERROR at line 1:
ORA-00955: name is already used by an existing object


CREATE INDEX OSP$EPS_PROP_USER_ROLES_I ON OSP$EPS_PROP_USER_ROLES(PROPOSAL_NUMBER,ROLE_ID,USER_ID)
             *
ERROR at line 1:
ORA-00955: name is already used by an existing object


PRNCPL_ID is missing for userID pauli and Proposal Number 2614
PRNCPL_ID is missing for userID pauli and Proposal Number 2773
PRNCPL_ID is missing for userID pauli and Proposal Number 4492
PRNCPL_ID is missing for userID pauli and Proposal Number 4465
PRNCPL_ID is missing for userID pauli and Proposal Number 4618
PRNCPL_ID is missing for userID csodini and Proposal Number 12881
PRNCPL_ID is missing for userID pauli and Proposal Number 2742
PRNCPL_ID is missing for userID pauli and Proposal Number 4374
PRNCPL_ID is missing for userID pauli and Proposal Number 4616
PRNCPL_ID is missing for userID pauli and Proposal Number 4921
PRNCPL_ID is missing for userID pauli and Proposal Number 4491
PRNCPL_ID is missing for userID pauli and Proposal Number 3922
PRNCPL_ID is missing for userID pauli and Proposal Number 4454
PRNCPL_ID is missing for userID pauli and Proposal Number 4971
PRNCPL_ID is missing for userID csodini and Proposal Number 13922
PRNCPL_ID is missing for userID pauli and Proposal Number 4127
PRNCPL_ID is missing for userID pauli and Proposal Number 4632
PRNCPL_ID is missing for userID pauli and Proposal Number 4665
PRNCPL_ID is missing for userID pauli and Proposal Number 4115
PRNCPL_ID is missing for userID pauli and Proposal Number 4634
PRNCPL_ID is missing for userID csodini and Proposal Number 13570
PRNCPL_ID is missing for userID pauli and Proposal Number 4422
PRNCPL_ID is missing for userID pauli and Proposal Number 4368
PRNCPL_ID is missing for userID pauli and Proposal Number 4664
PRNCPL_ID is missing for userID pauli and Proposal Number 4620
PRNCPL_ID is missing for userID pauli and Proposal Number 4495
PRNCPL_ID is missing for userID pauli and Proposal Number 2614
PRNCPL_ID is missing for userID pauli and Proposal Number 4893
PRNCPL_ID is missing for userID pauli and Proposal Number 4515
PRNCPL_ID is missing for userID pauli and Proposal Number 4630
PRNCPL_ID is missing for userID pauli and Proposal Number 4345
PRNCPL_ID is missing for userID pauli and Proposal Number 4496
PRNCPL_ID is missing for userID pauli and Proposal Number 4497
PRNCPL_ID is missing for userID pauli and Proposal Number 5331
PRNCPL_ID is missing for userID pauli and Proposal Number 4633
PRNCPL_ID is missing for userID pauli and Proposal Number 4618
PRNCPL_ID is missing for userID pauli and Proposal Number 4579
PRNCPL_ID is missing for userID pauli and Proposal Number 2894
PRNCPL_ID is missing for userID pauli and Proposal Number 4338
PRNCPL_ID is missing for userID pauli and Proposal Number 4355
PRNCPL_ID is missing for userID pauli and Proposal Number 4625
PRNCPL_ID is missing for userID pauli and Proposal Number 4652
PRNCPL_ID is missing for userID pauli and Proposal Number 4751
PRNCPL_ID is missing for userID pauli and Proposal Number 4634
PRNCPL_ID is missing for userID pauli and Proposal Number 4243
PRNCPL_ID is missing for userID pauli and Proposal Number 4617
PRNCPL_ID is missing for userID pauli and Proposal Number 4635
PRNCPL_ID is missing for userID pauli and Proposal Number 4494
PRNCPL_ID is missing for userID pauli and Proposal Number 4667
PRNCPL_ID is missing for userID pauli and Proposal Number 4490
PRNCPL_ID is missing for userID pauli and Proposal Number 5072
PRNCPL_ID is missing for userID pauli and Proposal Number 4424
PRNCPL_ID is missing for userID pauli and Proposal Number 4666
PRNCPL_ID is missing for userID pauli and Proposal Number 4493
PRNCPL_ID is missing for userID pauli and Proposal Number 4854
PRNCPL_ID is missing for userID pauli and Proposal Number 4345
PRNCPL_ID is missing for userID pauli and Proposal Number 4308
PRNCPL_ID is missing for userID pauli and Proposal Number 4621
PRNCPL_ID is missing for userID pauli and Proposal Number 4653
PRNCPL_ID is missing for userID pauli and Proposal Number 4631
PRNCPL_ID is missing for userID pauli and Proposal Number 4676
PRNCPL_ID is missing for userID pauli and Proposal Number 4781
CREATE INDEX OSP$AC_PROTOCOL_USER_ROLES_I ON OSP$AC_PROTOCOL_USER_ROLES(PROTOCOL_NUMBER,SEQUENCE_NUMBER,ROLE_ID,USER_ID)
             *
ERROR at line 1:
ORA-00955: name is already used by an existing object



completed role right migration.07-JAN-15 02.18.49.957624 PM
SQL> Disconnected from Oracle Database 11g Enterprise Edition Release 11.2.0.4.0 - 64bit Production
With the Partitioning, OLAP, Data Mining and Real Application Testing options
