
SQL*Plus: Release 10.2.0.4.0 - Production on Sun May 3 01:53:11 2015

Copyright (c) 1982, 2007, Oracle.  All Rights Reserved.


Connected to:
Oracle Database 11g Enterprise Edition Release 11.2.0.4.0 - 64bit Production
With the Partitioning, OLAP, Data Mining and Real Application Testing options


Started role right migration.03-MAY-15 01.53.11.711795 AM

ddl_role_rights.sql started 03-MAY-15 01.53.13.152197 AM

kc_coeus_role_mapping started 03-MAY-15 01.53.13.650307 AM

kc_coeus_right_mapping started 03-MAY-15 01.53.15.753333 AM

role_bootstrap.sql started 03-MAY-15 01.53.17.298997 AM

perm_bootstrap.sql started 03-MAY-15 01.53.20.085302 AM

role_perm_bootstrap.sql started 03-MAY-15 01.53.27.885011 AM
ALTER TABLE KRIM_PERM_ATTR_DATA_T ENABLE CONSTRAINT KRIM_PERM_ATTR_DATA_TR3
                                                    *
ERROR at line 1:
ORA-02298: cannot validate (KCSO.KRIM_PERM_ATTR_DATA_TR3) - parent keys not
found



truncate_and_apply_bootstrap.sql started 03-MAY-15 01.53.29.941631 AM

kc_coeus_role_perm_mapping.sql started 03-MAY-15 01.53.33.430761 AM
Sync role rights begin!!
ALTER TABLE KRIM_PERM_ATTR_DATA_T ENABLE CONSTRAINT KRIM_PERM_ATTR_DATA_TR3
*
ERROR at line 1:
ORA-02270: no matching unique or primary key for this column-list


ALTER TABLE KRIM_ROLE_PERM_T ENABLE CONSTRAINT KRIM_ROLE_PERM_TR1
*
ERROR at line 1:
ORA-02270: no matching unique or primary key for this column-list



      3060
Role is not in krim_role_t , role_nm is Receive Disclosure Notice and nmspc_cd
is KC-ADM
Role is not in krim_role_t , role_nm is View Conflict of Interest and nmspc_cd
is KC-ADM
Role is not in krim_role_t , role_nm is Modify all IACUC Protocols and nmspc_cd
is KC-ADM
Role is not in krim_role_t , role_nm is Business Rules Maintainer and nmspc_cd
is KC-ADM
Role is not in krim_role_t , role_nm is Person Maintainer and nmspc_cd is KC-ADM
Role is not in krim_role_t , role_nm is Maintain Award Budget for RAFT and
nmspc_cd is KC-ADM
Role is not in krim_role_t , role_nm is Audit Division Authorizations and
nmspc_cd is KC-ADM
Role is not in krim_role_t , role_nm is Maintain RTF Forms and nmspc_cd is
KC-SYS
Role is not in krim_role_t , role_nm is Maintain Notifications and nmspc_cd is
KC-SYS
Role is not in krim_role_t , role_nm is Modify Training and nmspc_cd is KC-SYS
Role is not in krim_role_t , role_nm is View Award Documents and nmspc_cd is
KC-ADM
Role is not in krim_role_t , role_nm is View Departments Awards and nmspc_cd is
KC-ADM
Sync role rights end!!
Error while updating kim_typ_id Subaward Requisitioner Review Approver.
Exception is ORA-01403: no data found
Error while updating kim_typ_id Maintain Award Report Tracking. Exception is
ORA-01403: no data found
Error while updating kim_typ_id Maintain IRB Questionnaire. Exception is
ORA-01403: no data found
Error while updating kim_typ_id Maintain IACUC Questionnaire. Exception is
ORA-01403: no data found
Error while updating kim_typ_id Maintain COI Questionnaire. Exception is
ORA-01403: no data found
Error while updating kim_typ_id Maintain Proposal Questionnaire. Exception is
ORA-01403: no data found
Error while updating kim_typ_id COI Reporter. Exception is ORA-01403: no data
found

syncing_role_rights.sql started 03-MAY-15 01.53.35.608715 AM
Missing ROLE_ID in KRIM_ROLE_T for ROLE_NM View Departments Awards. The Error
is: ORA-01403: no data found
Missing ROLE_ID in KRIM_ROLE_T for ROLE_NM Award Budget Approver. The Error is:
ORA-01403: no data found
Missing ROLE_ID in KRIM_ROLE_T for ROLE_NM COI Maintainer. The Error is:
ORA-01403: no data found
Missing ROLE_ID in KRIM_ROLE_T for ROLE_NM COI Administrator. The Error is:
ORA-01403: no data found
Missing ROLE_ID in KRIM_ROLE_T for ROLE_NM COI Administrator. The Error is:
ORA-01403: no data found
Missing ROLE_ID in KRIM_ROLE_T for ROLE_NM Template Viewer. The Error is:
ORA-01403: no data found
Missing ROLE_ID in KRIM_ROLE_T for ROLE_NM Maintain Arra Reports. The Error is:
ORA-01403: no data found
Missing ROLE_ID in KRIM_ROLE_T for ROLE_NM View Arra Reports. The Error is:
ORA-01403: no data found
Missing ROLE_ID in KRIM_ROLE_T for ROLE_NM Person Maintainer. The Error is:
ORA-01403: no data found
Missing ROLE_ID in KRIM_ROLE_T for ROLE_NM COI Administrator. The Error is:
ORA-01403: no data found
Missing ROLE_ID in KRIM_ROLE_T for ROLE_NM COI Administrator. The Error is:
ORA-01403: no data found
Missing ROLE_ID in KRIM_ROLE_T for ROLE_NM Person Maintainer. The Error is:
ORA-01403: no data found
Missing ROLE_ID in KRIM_ROLE_T for ROLE_NM Business Rules Maintainer. The Error
is: ORA-01403: no data found
Missing ROLE_ID in KRIM_ROLE_T for ROLE_NM COI Administrator. The Error is:
ORA-01403: no data found
Missing ROLE_ID in KRIM_ROLE_T for ROLE_NM COI Administrator. The Error is:
ORA-01403: no data found
Missing ROLE_ID in KRIM_ROLE_T for ROLE_NM Person Maintainer. The Error is:
ORA-01403: no data found
Missing ROLE_ID in KRIM_ROLE_T for ROLE_NM Maintain Notifications. The Error is:
ORA-01403: no data found
Missing ROLE_ID in KRIM_ROLE_T for ROLE_NM Maintain Notifications. The Error is:
ORA-01403: no data found
Missing ROLE_ID in KRIM_ROLE_T for ROLE_NM MIT Maintain Reporting Roles. The
Error is: ORA-01403: no data found
Missing ROLE_ID in KRIM_ROLE_T for ROLE_NM COI Administrator. The Error is:
ORA-01403: no data found
Missing ROLE_ID in KRIM_ROLE_T for ROLE_NM COI Administrator. The Error is:
ORA-01403: no data found
Missing ROLE_ID in KRIM_ROLE_T for ROLE_NM COI Administrator. The Error is:
ORA-01403: no data found
Missing ROLE_ID in KRIM_ROLE_T for ROLE_NM COI Maintainer. The Error is:
ORA-01403: no data found
Missing ROLE_ID in KRIM_ROLE_T for ROLE_NM Modify Training. The Error is:
ORA-01403: no data found
Missing ROLE_ID in KRIM_ROLE_T for ROLE_NM COI Administrator. The Error is:
ORA-01403: no data found
Missing ROLE_ID in KRIM_ROLE_T for ROLE_NM Maintain Subcontracting Goals. The
Error is: ORA-01403: no data found
Missing ROLE_ID in KRIM_ROLE_T for ROLE_NM COI Administrator. The Error is:
ORA-01403: no data found
Missing ROLE_ID in KRIM_ROLE_T for ROLE_NM Address Book Maintainer. The Error
is: ORA-01403: no data found
Missing ROLE_ID in KRIM_ROLE_T for ROLE_NM Maintain Arra Reports. The Error is:
ORA-01403: no data found
Missing ROLE_ID in KRIM_ROLE_T for ROLE_NM View Arra Reports. The Error is:
ORA-01403: no data found
Missing ROLE_ID in KRIM_ROLE_T for ROLE_NM Award Budget Viewer. The Error is:
ORA-01403: no data found
Missing ROLE_ID in KRIM_ROLE_T for ROLE_NM COI Administrator. The Error is:
ORA-01403: no data found
Missing ROLE_ID in KRIM_ROLE_T for ROLE_NM Institutional Proposal Viewer. The
Error is: ORA-01403: no data found
Missing ROLE_ID in KRIM_ROLE_T for ROLE_NM Maintain Award Budget for RAFT. The
Error is: ORA-01403: no data found
Missing ROLE_ID in KRIM_ROLE_T for ROLE_NM View Subcontract Documents. The Error
is: ORA-01403: no data found
Missing ROLE_ID in KRIM_ROLE_T for ROLE_NM View Subcontract Documents. The Error
is: ORA-01403: no data found
Missing ROLE_ID in KRIM_ROLE_T for ROLE_NM View Key Person Maintenance. The
Error is: ORA-01403: no data found
Missing ROLE_ID in KRIM_ROLE_T for ROLE_NM View Conflict of Interest. The Error
is: ORA-01403: no data found
Missing ROLE_ID in KRIM_ROLE_T for ROLE_NM Negotiation Creator. The Error is:
ORA-01403: no data found
Missing ROLE_ID in KRIM_ROLE_T for ROLE_NM Award Budget Modifier. The Error is:
ORA-01403: no data found
Missing ROLE_ID in KRIM_ROLE_T for ROLE_NM Award Budget Maintainer. The Error
is: ORA-01403: no data found
Missing ROLE_ID in KRIM_ROLE_T for ROLE_NM View Departments Awards. The Error
is: ORA-01403: no data found
Missing ROLE_ID in KRIM_ROLE_T for ROLE_NM Sponsor Rules Maintainer. The Error
is: ORA-01403: no data found
Missing ROLE_ID in KRIM_ROLE_T for ROLE_NM Modify Subaward. The Error is:
ORA-01403: no data found
Missing ROLE_ID in KRIM_ROLE_T for ROLE_NM Address Book Maintainer. The Error
is: ORA-01403: no data found
Missing ROLE_ID in KRIM_ROLE_T for ROLE_NM Modify Arra Reports. The Error is:
ORA-01403: no data found
Missing ROLE_ID in KRIM_ROLE_T for ROLE_NM Person Maintainer. The Error is:
ORA-01403: no data found
Missing ROLE_ID in KRIM_ROLE_T for ROLE_NM Person Maintainer. The Error is:
ORA-01403: no data found
Missing ROLE_ID in KRIM_ROLE_T for ROLE_NM Modify Training. The Error is:
ORA-01403: no data found
Missing ROLE_ID in KRIM_ROLE_T for ROLE_NM Maintain Award Budget for RAFT. The
Error is: ORA-01403: no data found
Missing ROLE_ID in KRIM_ROLE_T for ROLE_NM COI Administrator. The Error is:
ORA-01403: no data found
Missing ROLE_ID in KRIM_ROLE_T for ROLE_NM View Arra Reports. The Error is:
ORA-01403: no data found
Missing ROLE_ID in KRIM_ROLE_T for ROLE_NM COI Administrator. The Error is:
ORA-01403: no data found
Missing ROLE_ID in KRIM_ROLE_T for ROLE_NM Template Viewer. The Error is:
ORA-01403: no data found
Missing ROLE_ID in KRIM_ROLE_T for ROLE_NM Person Maintainer. The Error is:
ORA-01403: no data found
Missing ROLE_ID in KRIM_ROLE_T for ROLE_NM View Conflict of Interest. The Error
is: ORA-01403: no data found
Missing ROLE_ID in KRIM_ROLE_T for ROLE_NM Modify Subaward. The Error is:
ORA-01403: no data found
Missing ROLE_ID in KRIM_ROLE_T for ROLE_NM Maintain RTF Forms. The Error is:
ORA-01403: no data found
Missing ROLE_ID in KRIM_ROLE_T for ROLE_NM COI Administrator. The Error is:
ORA-01403: no data found
Missing ROLE_ID in KRIM_ROLE_T for ROLE_NM Modify Arra Reports. The Error is:
ORA-01403: no data found
Missing ROLE_ID in KRIM_ROLE_T for ROLE_NM MIT Maintain Reporting Roles. The
Error is: ORA-01403: no data found
Missing ROLE_ID in KRIM_ROLE_T for ROLE_NM View Award Documents. The Error is:
ORA-01403: no data found
Missing ROLE_ID in KRIM_ROLE_T for ROLE_NM Protocol Deleter. The Error is:
ORA-01403: no data found
Missing ROLE_ID in KRIM_ROLE_T for ROLE_NM View Departments Proposals. The Error
is: ORA-01403: no data found
Missing ROLE_ID in KRIM_ROLE_T for ROLE_NM Viewer Document Level. The Error is:
ORA-06502: PL/SQL: numeric or value error: character to number conversion error
Missing ROLE_ID in KRIM_ROLE_T for ROLE_NM Receive Disclosure Notice. The Error
is: ORA-01403: no data found
Missing ROLE_ID in KRIM_ROLE_T for ROLE_NM Modify all IACUC Protocols. The Error
is: ORA-01403: no data found
Missing ROLE_ID in KRIM_ROLE_T for ROLE_NM COI Administrator. The Error is:
ORA-01403: no data found
Missing ROLE_ID in KRIM_ROLE_T for ROLE_NM Person Maintainer. The Error is:
ORA-01403: no data found
Missing ROLE_ID in KRIM_ROLE_T for ROLE_NM Negotiation Creator. The Error is:
ORA-01403: no data found
Missing ROLE_ID in KRIM_ROLE_T for ROLE_NM Person Maintainer. The Error is:
ORA-01403: no data found
Missing ROLE_ID in KRIM_ROLE_T for ROLE_NM Run Dev Budget Reports. The Error is:
ORA-01403: no data found
Missing ROLE_ID in KRIM_ROLE_T for ROLE_NM Person Maintainer. The Error is:
ORA-01403: no data found
Missing ROLE_ID in KRIM_ROLE_T for ROLE_NM COI Administrator. The Error is:
ORA-01403: no data found
Loading user roles Completed!!
update krim_role_t set role_nm = 'Award Modifier', nmspc_cd = 'KC-AWARD' where role_nm = 'Modify Award'
*
ERROR at line 1:
ORA-00001: unique constraint (KCSO.KRIM_ROLE_TC1) violated



load_coeus_user_roles.sql started 03-MAY-15 01.53.51.850931 AM

add_role_perm_manually.sql started 03-MAY-15 01.53.51.933710 AM
CREATE INDEX OSP$PROTOCOL_USER_ROLES_I ON OSP$PROTOCOL_USER_ROLES(PROTOCOL_NUMBER,SEQUENCE_NUMBER,ROLE_ID,USER_ID)
             *
ERROR at line 1:
ORA-00955: name is already used by an existing object



document_access_irb.sql started 03-MAY-15 01.53.56.386188 AM
CREATE INDEX OSP$EPS_PROP_USER_ROLES_I ON OSP$EPS_PROP_USER_ROLES(PROPOSAL_NUMBER,ROLE_ID,USER_ID)
             *
ERROR at line 1:
ORA-00955: name is already used by an existing object


PRNCPL_ID is missing for userID pauli and Proposal Number 2894
PRNCPL_ID is missing for userID pauli and Proposal Number 4374
PRNCPL_ID is missing for userID pauli and Proposal Number 4616
PRNCPL_ID is missing for userID pauli and Proposal Number 4751
PRNCPL_ID is missing for userID pauli and Proposal Number 4625
PRNCPL_ID is missing for userID pauli and Proposal Number 4631
PRNCPL_ID is missing for userID pauli and Proposal Number 4620
PRNCPL_ID is missing for userID pauli and Proposal Number 2742
PRNCPL_ID is missing for userID pauli and Proposal Number 4422
PRNCPL_ID is missing for userID pauli and Proposal Number 4465
PRNCPL_ID is missing for userID pauli and Proposal Number 4617
PRNCPL_ID is missing for userID pauli and Proposal Number 4665
PRNCPL_ID is missing for userID pauli and Proposal Number 5331
PRNCPL_ID is missing for userID pauli and Proposal Number 4345
PRNCPL_ID is missing for userID pauli and Proposal Number 4666
PRNCPL_ID is missing for userID pauli and Proposal Number 3922
PRNCPL_ID is missing for userID pauli and Proposal Number 4355
PRNCPL_ID is missing for userID pauli and Proposal Number 4492
PRNCPL_ID is missing for userID pauli and Proposal Number 4338
PRNCPL_ID is missing for userID pauli and Proposal Number 4496
PRNCPL_ID is missing for userID pauli and Proposal Number 4243
PRNCPL_ID is missing for userID pauli and Proposal Number 4618
PRNCPL_ID is missing for userID pauli and Proposal Number 2614
PRNCPL_ID is missing for userID pauli and Proposal Number 4893
PRNCPL_ID is missing for userID pauli and Proposal Number 4621
PRNCPL_ID is missing for userID pauli and Proposal Number 4454
PRNCPL_ID is missing for userID pauli and Proposal Number 4515
PRNCPL_ID is missing for userID pauli and Proposal Number 4494
PRNCPL_ID is missing for userID pauli and Proposal Number 4633
PRNCPL_ID is missing for userID pauli and Proposal Number 4115
PRNCPL_ID is missing for userID pauli and Proposal Number 4667
PRNCPL_ID is missing for userID pauli and Proposal Number 4664
PRNCPL_ID is missing for userID pauli and Proposal Number 4781
PRNCPL_ID is missing for userID csodini and Proposal Number 13922
PRNCPL_ID is missing for userID csodini and Proposal Number 12881
PRNCPL_ID is missing for userID pauli and Proposal Number 4308
PRNCPL_ID is missing for userID pauli and Proposal Number 4676
PRNCPL_ID is missing for userID pauli and Proposal Number 4579
PRNCPL_ID is missing for userID pauli and Proposal Number 5072
PRNCPL_ID is missing for userID pauli and Proposal Number 2614
PRNCPL_ID is missing for userID pauli and Proposal Number 4127
PRNCPL_ID is missing for userID pauli and Proposal Number 4618
PRNCPL_ID is missing for userID csodini and Proposal Number 13570
PRNCPL_ID is missing for userID pauli and Proposal Number 4490
PRNCPL_ID is missing for userID pauli and Proposal Number 4971
PRNCPL_ID is missing for userID pauli and Proposal Number 4493
PRNCPL_ID is missing for userID pauli and Proposal Number 4491
PRNCPL_ID is missing for userID pauli and Proposal Number 4653
PRNCPL_ID is missing for userID pauli and Proposal Number 4630
PRNCPL_ID is missing for userID pauli and Proposal Number 4368
PRNCPL_ID is missing for userID pauli and Proposal Number 4921
PRNCPL_ID is missing for userID pauli and Proposal Number 4634
PRNCPL_ID is missing for userID pauli and Proposal Number 4497
PRNCPL_ID is missing for userID pauli and Proposal Number 4652
PRNCPL_ID is missing for userID pauli and Proposal Number 4854
PRNCPL_ID is missing for userID pauli and Proposal Number 4345
PRNCPL_ID is missing for userID pauli and Proposal Number 4634
PRNCPL_ID is missing for userID pauli and Proposal Number 2773
PRNCPL_ID is missing for userID pauli and Proposal Number 4424
PRNCPL_ID is missing for userID pauli and Proposal Number 4632
PRNCPL_ID is missing for userID pauli and Proposal Number 4635
PRNCPL_ID is missing for userID pauli and Proposal Number 4495

ddl_role_rights.sql started 03-MAY-15 01.57.27.121916 AM

ddl_role_rights.sql started 03-MAY-15 01.57.27.598763 AM

completed role right migration.03-MAY-15 01.57.27.619161 AM
Disconnected from Oracle Database 11g Enterprise Edition Release 11.2.0.4.0 - 64bit Production
With the Partitioning, OLAP, Data Mining and Real Application Testing options
