
SQL*Plus: Release 10.2.0.4.0 - Production on Sun May 3 01:52:57 2015

Copyright (c) 1982, 2007, Oracle.  All Rights Reserved.


Connected to:
Oracle Database 11g Enterprise Edition Release 11.2.0.4.0 - 64bit Production
With the Partitioning, OLAP, Data Mining and Real Application Testing options


Table created.


Table created.


Table created.


Table created.


1 row created.


Function created.


Procedure created.


Function created.


Function created.


Function created.


Package created.


Package body created.


Function created.


Function created.


Function created.


Function created.


Function created.


Commit complete.

Disconnected from Oracle Database 11g Enterprise Edition Release 11.2.0.4.0 - 64bit Production
With the Partitioning, OLAP, Data Mining and Real Application Testing options
