
0 rows updated.


0 rows updated.


0 rows updated.


0 rows updated.


0 rows updated.


0 rows updated.


0 rows updated.


0 rows updated.


0 rows updated.


0 rows updated.


0 rows updated.


0 rows updated.


0 rows updated.


0 rows updated.


0 rows updated.


0 rows updated.


0 rows updated.


0 rows updated.


0 rows updated.


0 rows updated.


0 rows updated.


0 rows updated.


0 rows updated.


0 rows updated.


0 rows updated.


0 rows updated.


1 row updated.


1 row updated.


1 row updated.


0 rows updated.


1 row deleted.


1 row deleted.


0 rows updated.


1 row created.


1 row updated.


1 row updated.


1 row updated.


1 row updated.


1 row updated.


1 row updated.


1 row updated.


1 row updated.


1 row updated.


1 row updated.


1 row updated.


0 rows updated.


1 row updated.


1 row updated.


1 row updated.


0 rows updated.


1 row updated.


1 row updated.


1 row updated.


1 row updated.


1 row updated.


0 rows updated.


1 row updated.


1 row updated.


1 row updated.


1 row updated.


1 row updated.


1 row updated.


1 row updated.


1 row updated.


1 row updated.


1 row updated.


1 row updated.


1 row created.


1 row created.


1 row created.


1 row created.


1 row created.


1 row created.


Commit complete.

