
SQL*Plus: Release 10.2.0.4.0 - Production on Wed Jan 7 14:05:54 2015

Copyright (c) 1982, 2007, Oracle.  All Rights Reserved.


Connected to:
Oracle Database 11g Enterprise Edition Release 11.2.0.4.0 - 64bit Production
With the Partitioning, OLAP, Data Mining and Real Application Testing options


Package created.


Package body created.


1 row created.


1 row created.


1 row created.


1 row created.


1 row updated.


1 row updated.


1 row updated.


1 row updated.


1 row updated.


1 row updated.


1 row updated.


1 row updated.


1 row updated.


1 row deleted.


1 row deleted.


1 row deleted.


0 rows updated.


0 rows updated.


1 row updated.


Table created.


Sequence created.


Table created.


Table created.


Sequence created.


Sequence created.


Table created.


Table created.


Table altered.


Table created.


Table created.


Table created.


Table created.


Table created.


Sequence created.

CREATE SEQUENCE SEQ_TRAINING_MODULES_ID
                *
ERROR at line 1:
ORA-00955: name is already used by an existing object



1 row created.


1 row created.


1 row created.


1 row created.


1 row created.


1 row created.


2569 rows created.


2412 rows created.


521 rows created.


Commit complete.


7166 rows created.


1 row created.


1 row created.


1 row created.


1 row created.


1 row created.


PL/SQL procedure successfully completed.


   NEXTVAL
----------
       523


Sequence altered.


PL/SQL procedure successfully completed.


Table truncated.


59 rows created.


Warning: Function created with compilation errors.


Package created.


Package body created.


Trigger created.


Trigger created.


Sequence created.


Sequence created.


Table created.


Table created.


Table created.


Sequence created.

CREATE SEQUENCE SEQ_SAP_FEED_ID
                *
ERROR at line 1:
ORA-00955: name is already used by an existing object



617376 rows created.


PL/SQL procedure successfully completed.


   NEXTVAL
----------
    687522


Sequence altered.


1 row created.


1 row created.


469 rows created.


2416 rows created.


Commit complete.


PL/SQL procedure successfully completed.


   NEXTVAL
----------
       486


Sequence altered.


1 row updated.


Package created.


Package body created.


1 row created.


1 row created.


Package created.


Package body created.


Trigger created.


1 row created.


1 row created.


1 row created.


1 row created.


1 row created.


1 row updated.


1 row updated.


1 row updated.


1 row created.


1 row updated.


Package created.


Package body created.


Trigger created.


Table created.


Sequence created.


Table created.


1 row created.


1 row created.


1 row created.


Package created.


Warning: Package Body created with compilation errors.


Trigger created.


Trigger created.


Sequence created.


Table created.


1 row created.


1 row created.


Table truncated.


996 rows created.


Commit complete.


PL/SQL procedure successfully completed.


   NEXTVAL
----------
      1046


Sequence altered.


Warning: Function created with compilation errors.


Warning: Trigger created with compilation errors.


Warning: Trigger created with compilation errors.


Warning: Trigger created with compilation errors.


Table created.


Sequence created.


Sequence created.


Table created.

CREATE TABLE  CAC_LOG_DATA
              *
ERROR at line 1:
ORA-00955: name is already used by an existing object



1 row created.


1 row created.


1 row created.


1 row created.


1 row created.


0 rows deleted.


0 rows deleted.


0 rows deleted.


1 row created.


1 row created.


Commit complete.


669 rows created.


181368 rows created.


Package created.


Package body created.


Table created.


Table created.


Sequence created.


1 row created.


1 row created.


0 rows deleted.


0 rows deleted.


0 rows deleted.


1 row created.


1 row created.


Commit complete.


Package created.


Package body created.


Commit complete.

Disconnected from Oracle Database 11g Enterprise Edition Release 11.2.0.4.0 - 64bit Production
With the Partitioning, OLAP, Data Mining and Real Application Testing options
