
SQL*Plus: Release 10.2.0.4.0 - Production on Mon Feb 23 20:17:19 2015

Copyright (c) 1982, 2007, Oracle.  All Rights Reserved.


Connected to:
Oracle Database 11g Enterprise Edition Release 11.2.0.4.0 - 64bit Production
With the Partitioning, OLAP, Data Mining and Real Application Testing options


Function created.

declare
*
ERROR at line 1:
ORA-02291: integrity constraint (KCSO.FK7_AWD_TEMPLATE_REPORT_TERMS) violated -
parent key not found
ORA-06512: at line 26


declare
*
ERROR at line 1:
ORA-02291: integrity constraint (KCSO.FK7_AWD_TEMPLATE_REPORT_TERMS) violated -
parent key not found
ORA-06512: at line 25



PL/SQL procedure successfully completed.


PL/SQL procedure successfully completed.


Commit complete.

Disconnected from Oracle Database 11g Enterprise Edition Release 11.2.0.4.0 - 64bit Production
With the Partitioning, OLAP, Data Mining and Real Application Testing options
