
SQL*Plus: Release 10.2.0.4.0 - Production on Wed Feb 11 07:04:53 2015

Copyright (c) 1982, 2007, Oracle.  All Rights Reserved.


Connected to:
Oracle Database 11g Enterprise Edition Release 11.2.0.4.0 - 64bit Production
With the Partitioning, OLAP, Data Mining and Real Application Testing options


Table dropped.


Table dropped.


Table created.


7701 rows created.


Table created.


2495 rows created.


Index created.


Commit complete.


5206 rows created.


Commit complete.


3922 rows created.


Commit complete.


109454 rows updated.


Commit complete.


PL/SQL procedure successfully completed.


Commit complete.

Disconnected from Oracle Database 11g Enterprise Edition Release 11.2.0.4.0 - 64bit Production
With the Partitioning, OLAP, Data Mining and Real Application Testing options
