
SQL*Plus: Release 10.2.0.4.0 - Production on Thu Apr 30 06:43:02 2015

Copyright (c) 1982, 2007, Oracle.  All Rights Reserved.


Connected to:
Oracle Database 11g Enterprise Edition Release 11.2.0.4.0 - 64bit Production
With the Partitioning, OLAP, Data Mining and Real Application Testing options

SP2-0103: Nothing in SQL buffer to run.

361 rows updated.


Commit complete.

drop table TMP_NEGOTIATION_ACTIVITY
           *
ERROR at line 1:
ORA-00942: table or view does not exist



Table created.


33974 rows created.


Commit complete.


PL/SQL procedure successfully completed.


Commit complete.


Table dropped.


Commit complete.

Disconnected from Oracle Database 11g Enterprise Edition Release 11.2.0.4.0 - 64bit Production
With the Partitioning, OLAP, Data Mining and Real Application Testing options
