
SQL*Plus: Release 10.2.0.4.0 - Production on Thu Feb 5 22:30:44 2015

Copyright (c) 1982, 2007, Oracle.  All Rights Reserved.


Connected to:
Oracle Database 11g Enterprise Edition Release 11.2.0.4.0 - 64bit Production
With the Partitioning, OLAP, Data Mining and Real Application Testing options


PL/SQL procedure successfully completed.


Commit complete.


PL/SQL procedure successfully completed.


Commit complete.


Table dropped.


Table dropped.


Table created.

inner join OSP$PROPOSAL@coeus.kuali ad on p.PROPOSAL_NUMBER=ad.PROPOSAL_NUMBER and p.SEQUENCE_NUMBER=ad.SEQUENCE_NUMBER left outer join ROLODEX r on a.PERSON_ID=r.ROLODEX_ID
                                                                                                                                                     *
ERROR at line 7:
ORA-01722: invalid number



Table created.


0 rows created.


Index created.


Commit complete.


0 rows created.


Commit complete.


0 rows created.


Commit complete.


99783 rows updated.


Commit complete.


PL/SQL procedure successfully completed.


Commit complete.


Commit complete.

Disconnected from Oracle Database 11g Enterprise Edition Release 11.2.0.4.0 - 64bit Production
With the Partitioning, OLAP, Data Mining and Real Application Testing options
