
SQL*Plus: Release 10.2.0.4.0 - Production on Mon Apr 20 12:52:23 2015

Copyright (c) 1982, 2007, Oracle.  All Rights Reserved.


Connected to:
Oracle Database 11g Enterprise Edition Release 11.2.0.4.0 - 64bit Production
With the Partitioning, OLAP, Data Mining and Real Application Testing options

SP2-0103: Nothing in SQL buffer to run.

Package created.


Package body created.

DROP TABLE OSP$EPS_PROP_YNQ
           *
ERROR at line 1:
ORA-00942: table or view does not exist



Table created.


PL/SQL procedure successfully completed.


Commit complete.


Table altered.


Index created.


253793 rows deleted.


Commit complete.


253793 rows created.


Commit complete.


PL/SQL procedure successfully completed.


Commit complete.

Disconnected from Oracle Database 11g Enterprise Edition Release 11.2.0.4.0 - 64bit Production
With the Partitioning, OLAP, Data Mining and Real Application Testing options
