
SQL*Plus: Release 10.2.0.4.0 - Production on Mon Apr 6 11:01:16 2015

Copyright (c) 1982, 2007, Oracle.  All Rights Reserved.


Connected to:
Oracle Database 11g Enterprise Edition Release 11.2.0.4.0 - 64bit Production
With the Partitioning, OLAP, Data Mining and Real Application Testing options

SP2-0103: Nothing in SQL buffer to run.

1 row updated.


Commit complete.


Table created.


1 row created.


1 row created.


1 row created.


1 row created.


1 row created.


1 row created.


1 row created.


1 row created.


1 row created.


1 row created.


1 row created.


1 row created.


Commit complete.


Table altered.


Table truncated.


12 rows created.


Commit complete.


4 rows created.


Table altered.


Function created.


Function created.


Commit complete.

Disconnected from Oracle Database 11g Enterprise Edition Release 11.2.0.4.0 - 64bit Production
With the Partitioning, OLAP, Data Mining and Real Application Testing options
