
SQL*Plus: Release 10.2.0.4.0 - Production on Tue Mar 31 15:34:04 2015

Copyright (c) 1982, 2007, Oracle.  All Rights Reserved.


Connected to:
Oracle Database 11g Enterprise Edition Release 11.2.0.4.0 - 64bit Production
With the Partitioning, OLAP, Data Mining and Real Application Testing options

SP2-0103: Nothing in SQL buffer to run.

Table altered.


Index dropped.


0 rows updated.


Commit complete.


PL/SQL procedure successfully completed.


Commit complete.


Index created.


Table altered.

DROP TABLE OSP$AWARD_KEY_PERS_CONFIRM
           *
ERROR at line 1:
ORA-00942: table or view does not exist



Table created.


1674 rows created.


Commit complete.


8296 rows created.


Commit complete.


9970 rows updated.


Commit complete.


Table altered.


Commit complete.


Commit complete.


PL/SQL procedure successfully completed.


Commit complete.

DROP TABLE OSP$AWARD_KEY_PERS_REMOVED
           *
ERROR at line 1:
ORA-00942: table or view does not exist



Table created.


58 rows created.


Commit complete.


58 rows updated.


Commit complete.


586870 rows created.


Commit complete.


Commit complete.

Disconnected from Oracle Database 11g Enterprise Edition Release 11.2.0.4.0 - 64bit Production
With the Partitioning, OLAP, Data Mining and Real Application Testing options
