
SQL*Plus: Release 10.2.0.4.0 - Production on Thu Jan 29 14:36:48 2015

Copyright (c) 1982, 2007, Oracle.  All Rights Reserved.


Connected to:
Oracle Database 11g Enterprise Edition Release 11.2.0.4.0 - 64bit Production
With the Partitioning, OLAP, Data Mining and Real Application Testing options


PL/SQL procedure successfully completed.


Commit complete.


PL/SQL procedure successfully completed.


Commit complete.


22 rows created.


Commit complete.

create table osp$proposal_attachments as select * from osp$proposal_attachments@coeus.kuali
             *
ERROR at line 1:
ORA-00955: name is already used by an existing object



PL/SQL procedure successfully completed.


Commit complete.


Commit complete.

Disconnected from Oracle Database 11g Enterprise Edition Release 11.2.0.4.0 - 64bit Production
With the Partitioning, OLAP, Data Mining and Real Application Testing options
