
SQL*Plus: Release 10.2.0.4.0 - Production on Thu Jan 8 00:49:54 2015

Copyright (c) 1982, 2007, Oracle.  All Rights Reserved.


Connected to:
Oracle Database 11g Enterprise Edition Release 11.2.0.4.0 - 64bit Production
With the Partitioning, OLAP, Data Mining and Real Application Testing options


PL/SQL procedure successfully completed.


Commit complete.


Commit complete.

DROP TABLE TEMP_NEGOTIATION_ID
           *
ERROR at line 1:
ORA-00942: table or view does not exist



Table created.


3422 rows created.


Table altered.


31 rows deleted.


31 rows deleted.


33582 rows deleted.


Table altered.


PL/SQL procedure successfully completed.


PL/SQL procedure successfully completed.


Commit complete.


PL/SQL procedure successfully completed.


Commit complete.

ERROR IN
NEGOTIATION_ATTACHMENT,NEGOTIATION_NUMBER:13122846ACTIVITY_ID:2-ORA-12899: value
too large for column "KCSO"."ATTACHMENT_FILE"."FILE_NAME" (actual: 151, maximum:
150)

PL/SQL procedure successfully completed.


129 rows updated.


Commit complete.


Commit complete.

Disconnected from Oracle Database 11g Enterprise Edition Release 11.2.0.4.0 - 64bit Production
With the Partitioning, OLAP, Data Mining and Real Application Testing options
