
SQL*Plus: Release 10.2.0.4.0 - Production on Thu Mar 19 13:39:31 2015

Copyright (c) 1982, 2007, Oracle.  All Rights Reserved.


Connected to:
Oracle Database 11g Enterprise Edition Release 11.2.0.4.0 - 64bit Production
With the Partitioning, OLAP, Data Mining and Real Application Testing options


PL/SQL procedure successfully completed.


PL/SQL procedure successfully completed.


PL/SQL procedure successfully completed.


PL/SQL procedure successfully completed.


Table truncated.


Table truncated.


Table truncated.


Table truncated.


Table truncated.


Commit complete.


1 row created.


1 row created.


1 row created.


1 row created.


1 row created.


1 row created.


1 row created.


1 row created.


1 row created.


1 row created.


1 row created.


1 row created.


1 row created.


1 row created.


1 row created.


1 row created.


1 row created.


1 row created.


1 row created.


1 row created.


1 row created.


1 row created.


1 row created.


1 row created.


1 row created.


1 row created.


1 row created.


1 row created.


1 row created.


1 row created.


1 row created.


1 row created.


1 row created.


1 row created.


1 row created.


1 row created.


1 row created.


1 row created.


1 row created.


1 row created.


1 row created.


1 row created.


1 row created.


1 row created.


1 row created.


1 row created.


1 row created.


1 row created.


1 row created.


1 row created.


1 row created.


1 row created.


1 row created.


1 row created.


1 row created.


1 row created.


1 row created.


1 row created.


1 row created.


1 row created.


1 row created.


1 row created.


1 row created.


1 row created.


1 row created.


1 row created.


1 row created.


1 row created.


1 row created.


1 row created.


1 row created.


1 row created.


1 row created.


1 row created.


1 row created.


1 row created.


1 row created.


1 row created.


1 row created.


1 row created.


1 row created.


1 row created.


1 row created.


1 row created.


1 row created.


1 row created.


1 row created.


1 row created.


1 row created.


1 row created.


1 row created.


1 row created.


1 row created.


1 row created.


1 row created.


1 row created.


1 row created.


1 row created.


1 row created.


1 row created.


1 row created.


1 row created.


1 row created.


1 row created.


1 row created.


1 row created.


1 row created.


1 row created.


1 row created.


1 row created.


1 row created.


1 row created.


1 row created.


1 row created.


1 row created.


1 row created.


1 row created.


1 row created.


1 row created.


1 row created.


1 row created.


1 row created.


1 row created.


1 row created.


1 row created.


1 row created.


1 row created.


1 row created.


1 row created.


1 row created.


1 row created.


1 row created.


1 row created.


1 row created.


1 row created.


1 row created.


1 row created.


1 row created.


1 row created.


1 row created.


1 row created.


1 row created.


1 row created.


1 row created.


1 row created.


1 row created.


1 row created.


1 row created.


1 row created.


1 row created.


1 row created.


1 row created.


1 row created.


1 row created.


1 row created.


1 row created.


1 row created.


1 row created.


1 row created.


1 row created.


1 row created.


1 row created.


1 row created.


1 row created.


1 row created.


1 row created.


1 row created.


1 row created.


1 row created.


1 row created.


1 row created.


1 row created.


1 row created.


1 row created.


1 row created.


1 row created.


1 row created.


1 row created.


1 row created.


1 row created.


1 row created.


1 row created.


1 row created.


1 row created.


1 row created.


1 row created.


1 row created.


1 row created.


1 row created.


1 row created.


1 row created.


1 row created.


1 row created.


1 row created.


1 row created.


1 row created.


1 row created.


1 row created.


1 row created.


1 row created.


1 row created.


1 row created.


1 row created.


1 row created.


1 row created.


1 row created.


1 row created.


1 row created.


1 row created.


1 row created.


1 row created.


1 row created.


1 row created.


1 row created.


1 row created.


1 row created.


1 row created.


1 row created.


1 row created.


1 row created.


1 row created.


1 row created.


1 row created.


1 row created.


1 row created.


1 row created.


1 row created.


1 row created.


1 row created.


1 row created.


1 row created.


1 row created.


1 row created.


1 row created.


1 row created.


1 row created.


1 row created.


1 row created.


1 row created.


1 row created.


1 row created.


1 row created.


1 row created.


1 row created.


1 row created.


1 row created.


1 row created.


1 row created.


1 row created.


1 row created.


1 row created.


1 row created.


1 row created.


1 row created.


1 row created.


1 row created.


1 row created.


1 row created.


1 row created.


1 row created.


1 row created.


1 row created.


1 row created.


1 row created.


1 row created.


1 row created.


1 row created.


1 row created.


1 row created.


1 row created.


1 row created.


1 row created.


1 row created.


1 row created.


1 row created.


1 row created.


1 row created.


1 row created.


1 row created.


1 row created.


1 row created.


1 row created.


1 row created.


1 row created.


1 row created.


1 row created.


1 row created.


1 row created.


1 row created.


1 row created.


1 row created.


1 row created.


1 row created.


1 row created.


1 row created.


1 row created.


1 row created.


1 row created.


1 row created.


1 row created.


1 row created.


1 row created.


1 row created.


1 row created.


1 row created.


1 row created.


1 row created.


1 row created.


1 row created.


1 row created.


1 row created.


1 row created.


1 row created.


1 row created.


1 row created.


1 row created.


1 row created.


1 row created.


1 row created.


1 row created.


1 row created.


1 row created.


1 row created.


1 row created.


1 row created.


1 row created.


1 row created.


1 row created.


1 row created.


1 row created.


1 row created.


1 row created.


1 row created.


1 row created.


1 row created.


1 row created.


1 row created.


1 row created.


1 row created.


1 row created.


1 row created.


1 row created.


1 row created.


1 row created.


1 row created.


1 row created.


1 row created.


1 row created.


1 row created.


1 row created.


1 row created.


1 row created.


1 row created.


1 row created.


1 row created.


1 row created.


1 row created.


1 row created.


1 row created.


1 row created.


1 row created.


Commit complete.


Table altered.


Table truncated.


13 rows created.


Table altered.


Commit complete.


PL/SQL procedure successfully completed.


Commit complete.


PL/SQL procedure successfully completed.


PL/SQL procedure successfully completed.


5 rows updated.


1 row updated.


Commit complete.


0 rows updated.


Commit complete.


542 rows deleted.


0 rows deleted.


Table dropped.


Table created.


73 rows created.


PL/SQL procedure successfully completed.


PL/SQL procedure successfully completed.


Table dropped.


PL/SQL procedure successfully completed.


PL/SQL procedure successfully completed.


31272 rows updated.


Commit complete.


Table altered.


Index created.


Table altered.


PL/SQL procedure successfully completed.


PL/SQL procedure successfully completed.


9 rows deleted.


18162 rows deleted.


0 rows deleted.


Commit complete.


Table dropped.


Table dropped.


Commit complete.


Table created.


Commit complete.


8176 rows created.


Commit complete.


Table created.


Commit complete.


1188 rows created.


Commit complete.

MISSING SUBAWARD_ID,SUBAWARD_CODE:2545SEQUENCE_NUMBER:13-ORA-01422: exact fetch
returns more than requested number of rows
MISSING SUBAWARD_ID,SUBAWARD_CODE:2545SEQUENCE_NUMBER:13-ORA-01422: exact fetch
returns more than requested number of rows
MISSING SUBAWARD_ID,SUBAWARD_CODE:6SEQUENCE_NUMBER:1-ORA-01422: exact fetch
returns more than requested number of rows
MISSING SUBAWARD_ID,SUBAWARD_CODE:6SEQUENCE_NUMBER:1-ORA-01422: exact fetch
returns more than requested number of rows
MISSING SUBAWARD_ID,SUBAWARD_CODE:6SEQUENCE_NUMBER:1-ORA-01422: exact fetch
returns more than requested number of rows
MISSING SUBAWARD_ID,SUBAWARD_CODE:6SEQUENCE_NUMBER:1-ORA-01422: exact fetch
returns more than requested number of rows
MISSING SUBAWARD_ID,SUBAWARD_CODE:6SEQUENCE_NUMBER:1-ORA-01422: exact fetch
returns more than requested number of rows
MISSING SUBAWARD_ID,SUBAWARD_CODE:6SEQUENCE_NUMBER:1-ORA-01422: exact fetch
returns more than requested number of rows
MISSING SUBAWARD_ID,SUBAWARD_CODE:6SEQUENCE_NUMBER:1-ORA-01422: exact fetch
returns more than requested number of rows
MISSING SUBAWARD_ID,SUBAWARD_CODE:6SEQUENCE_NUMBER:1-ORA-01422: exact fetch
returns more than requested number of rows

PL/SQL procedure successfully completed.


3185 rows deleted.


0 rows deleted.


Commit complete.

MISSING SUBAWARD_ID,SUBAWARD_CODE:2545SEQUENCE_NUMBER:13-ORA-01422: exact fetch
returns more than requested number of rows
MISSING SUBAWARD_ID,SUBAWARD_CODE:2545SEQUENCE_NUMBER:13-ORA-01422: exact fetch
returns more than requested number of rows
MISSING SUBAWARD_ID,SUBAWARD_CODE:2545SEQUENCE_NUMBER:13-ORA-01422: exact fetch
returns more than requested number of rows
MISSING SUBAWARD_ID,SUBAWARD_CODE:2545SEQUENCE_NUMBER:13-ORA-01422: exact fetch
returns more than requested number of rows
MISSING SUBAWARD_ID,SUBAWARD_CODE:2545SEQUENCE_NUMBER:13-ORA-01422: exact fetch
returns more than requested number of rows
MISSING SUBAWARD_ID,SUBAWARD_CODE:2545SEQUENCE_NUMBER:13-ORA-01422: exact fetch
returns more than requested number of rows
MISSING SUBAWARD_ID,SUBAWARD_CODE:2545SEQUENCE_NUMBER:13-ORA-01422: exact fetch
returns more than requested number of rows
MISSING SUBAWARD_ID,SUBAWARD_CODE:2545SEQUENCE_NUMBER:13-ORA-01422: exact fetch
returns more than requested number of rows
MISSING SUBAWARD_ID,SUBAWARD_CODE:2545SEQUENCE_NUMBER:13-ORA-01422: exact fetch
returns more than requested number of rows
MISSING SUBAWARD_ID,SUBAWARD_CODE:2545SEQUENCE_NUMBER:13-ORA-01422: exact fetch
returns more than requested number of rows

PL/SQL procedure successfully completed.


Commit complete.

Disconnected from Oracle Database 11g Enterprise Edition Release 11.2.0.4.0 - 64bit Production
With the Partitioning, OLAP, Data Mining and Real Application Testing options
