
SQL*Plus: Release 10.2.0.4.0 - Production on Mon Mar 30 21:41:29 2015

Copyright (c) 1982, 2007, Oracle.  All Rights Reserved.


Connected to:
Oracle Database 11g Enterprise Edition Release 11.2.0.4.0 - 64bit Production
With the Partitioning, OLAP, Data Mining and Real Application Testing options

SP2-0103: Nothing in SQL buffer to run.
drop table sap_bud_rate_class_gl_mapping
           *
ERROR at line 1:
ORA-00942: table or view does not exist



Table created.


1 row created.


1 row created.


1 row created.


1 row created.


1 row created.


1 row created.


1 row created.


1 row created.


1 row created.


1 row created.


1 row created.


1 row created.


1 row created.


1 row created.


1 row created.


1 row created.


1 row created.


1 row created.


Table created.


Table created.


Table created.


1 row created.


Sequence created.


Sequence created.


Sequence created.


Function created.


Function created.


Function created.


Package created.


Package body created.


Function created.


Function created.


Function created.


Commit complete.

Disconnected from Oracle Database 11g Enterprise Edition Release 11.2.0.4.0 - 64bit Production
With the Partitioning, OLAP, Data Mining and Real Application Testing options
