
SQL*Plus: Release 10.2.0.4.0 - Production on Sat Apr 25 21:30:45 2015

Copyright (c) 1982, 2007, Oracle.  All Rights Reserved.


Connected to:
Oracle Database 11g Enterprise Edition Release 11.2.0.4.0 - 64bit Production
With the Partitioning, OLAP, Data Mining and Real Application Testing options


Table altered.


1 row updated.


1 row updated.


Table created.

ALTER TABLE AWARD_PERSON_REMOVE ADD CONSTRAINT AWARD_PERSON_REMOVE_PK PRIMARY KEY (AWARD_PERSON_REMOVE_ID)
                                               *
ERROR at line 1:
ORA-02264: name already used by an existing constraint



Table created.

ALTER TABLE AWARD_PERSON_CONFIRM ADD CONSTRAINT AWARD_PERSON_CONFIRM_PK PRIMARY KEY (AWARD_PERSON_CONFIRM_ID)
                                                *
ERROR at line 1:
ORA-02264: name already used by an existing constraint


ALTER TABLE AWARD_PERSON_CONFIRM ADD CONSTRAINT AWARD_PERSON_CONFIRM_PK PRIMARY KEY (AWARD_PERSON_CONFIRM_ID)
                                                *
ERROR at line 1:
ORA-02264: name already used by an existing constraint



Sequence created.


PL/SQL procedure successfully completed.


1 row updated.


1 row updated.


1 row updated.


1 row updated.


1 row updated.


1 row updated.


1 row updated.


1 row updated.

SP2-0310: unable to open file "dml/DML_MITKC-45_B000.sql"

1 row created.


1 row created.


1 row created.


6 rows created.


1 row created.


1 row created.


1 row created.


1 row created.


1 row created.


1 row created.


1 row created.


1 row created.


1 row created.


1 row created.


1 row created.


1 row created.


1 row created.


1 row created.


1 row created.


1 row created.


1 row created.


1 row created.


1 row created.


1 row created.


1 row created.


1 row created.


1 row created.


1 row created.


1 row created.


1 row created.


1 row created.


1 row created.


1 row created.


1 row created.


1 row created.


1 row created.


1 row created.


1 row created.


1 row created.


1 row created.


1 row created.


1 row created.


1 row created.


1 row created.


1 row created.


1 row created.


1 row created.


1 row created.


1 row created.


1 row created.


1 row created.


1 row created.


1 row created.


1 row created.


1 row created.


1 row created.


1 row created.


1 row created.


1 row created.


1 row created.


1 row created.


1 row created.


1 row created.


1 row created.


1 row created.


1 row created.


1 row created.


1 row created.


1 row created.


1 row created.


1 row deleted.


1 row deleted.


1 row deleted.


1 row deleted.


0 rows deleted.


1 row deleted.


1 row deleted.


1 row deleted.


1 row created.


1 row created.


1 row created.


1 row created.


1 row created.


1 row created.


1 row created.


1 row created.


1 row created.


1 row created.


1 row created.


1 row created.


1 row created.


1 row created.


1 row created.


1 row created.


1 row created.


1 row created.


1 row created.


1 row created.


1 row created.


1 row created.


1 row created.


1 row created.


1 row created.


1 row created.


1 row created.


1 row created.


1 row created.


1 row created.


1 row created.


1 row deleted.


1 row deleted.


1 row deleted.


1 row deleted.


1 row deleted.


1 row deleted.


1 row deleted.


1 row deleted.


1 row created.


1 row created.


1 row created.


1 row created.


1 row created.


1 row created.


1 row created.


1 row created.


1 row created.


1 row created.


1 row created.


1 row created.


1 row created.


1 row created.


1 row created.


1 row updated.


1 row updated.


1 row created.


1 row created.


1 row created.


PL/SQL procedure successfully completed.


1 row created.


1 row created.


1 row created.


1 row created.


1 row created.


1 row created.


1 row created.


1 row created.


1 row created.


1 row created.


1 row created.


1 row created.


1 row created.


1 row created.


1 row created.


1 row created.


1 row created.


1 row created.


1 row created.


1 row created.


1 row created.


1 row created.


1 row created.


1 row created.


1 row created.


1 row created.


1 row created.


1 row created.


1 row created.


1 row created.


1 row created.


1 row created.


1 row created.


1 row created.


1 row created.


1 row created.


1 row created.


1 row created.


1 row created.


1 row created.


1 row created.


1 row created.


1 row created.


1 row created.


1 row created.


1 row created.


1 row created.


1 row created.


1 row created.


1 row created.


1 row created.


1 row created.


1 row created.


1 row created.


1 row created.


1 row created.


1 row created.


1 row created.


1 row created.


1 row created.


1 row created.


1 row created.


1 row created.


1 row created.


1 row created.


1 row created.


1 row created.


1 row created.


1 row created.


1 row created.


1 row created.


1 row created.


1 row created.


1 row created.


1 row created.


1 row created.


1 row created.


1 row created.


1 row created.


1 row created.


1 row created.


1 row created.


1 row created.


1 row created.


1 row created.


1 row created.


1 row created.


1 row created.


1 row created.


1 row created.


1 row created.


1 row created.


1 row created.


1 row created.


1 row created.


1 row created.


1 row created.


1 row created.


1 row created.


1 row created.


1 row created.


1 row created.


1 row created.


1 row created.


1 row created.


1 row created.


1 row created.


1 row created.


1 row updated.


1 row updated.


1 row created.


1 row created.


1 row created.


1 row created.


1 row created.


1 row created.


1 row created.


1 row updated.


1 row updated.


1 row created.


1 row created.


1 row created.


1 row created.


1 row created.


1 row created.


1 row created.


1 row created.


1 row created.


1 row created.


1 row created.


1 row created.


1 row created.


1 row created.


1 row created.


1 row created.


1 row created.


1 row created.


1 row created.


1 row created.


1 row created.


1 row created.


1 row created.


1 row created.


1 row created.


1 row created.


1 row created.


1 row created.


1 row created.


0 rows deleted.


0 rows deleted.


0 rows deleted.


0 rows deleted.


0 rows deleted.


0 rows deleted.


0 rows deleted.


0 rows deleted.


0 rows deleted.


0 rows deleted.


0 rows deleted.


0 rows deleted.


1 row created.


1 row created.


1 row created.


1 row created.


1 row created.


1 row created.


1 row created.


1 row created.


1 row created.


1 row created.


1 row created.


1 row created.


1 row updated.


1 row deleted.


1 row deleted.


1 row deleted.


1 row deleted.


0 rows deleted.


0 rows deleted.


1 row deleted.


2 rows deleted.


1 row deleted.


1 row created.


1 row created.


1 row created.


1 row created.


1 row created.


1 row created.


1 row created.


1 row created.


1 row updated.


1 row updated.


3 rows deleted.


1 row deleted.


1 row deleted.


1 row deleted.


0 rows deleted.


0 rows deleted.


1 row deleted.


1 row deleted.


1 row deleted.


1 row deleted.


1 row deleted.


1 row deleted.


1 row created.


1 row created.


1 row created.


1 row created.


1 row created.


1 row created.


1 row created.


1 row created.


1 row created.


1 row created.


1 row created.


1 row created.


1 row created.


1 row created.


1 row created.


1 row created.


1 row created.


1 row created.


1 row created.


1 row created.


1 row created.


1 row created.


1 row created.


1 row created.


1 row created.


1 row created.


1 row created.


1 row created.


1 row created.


1 row created.


1 row created.


1 row created.

Insert into KRCR_PARM_T (NMSPC_CD,CMPNT_CD,PARM_NM,OBJ_ID,VER_NBR,PARM_TYP_CD,VAL,PARM_DESC_TXT,EVAL_OPRTR_CD,APPL_ID) values ('KC-GEN','All','KC_MODULE_INT_COMMITTEE',SYS_GUID(),1,'CONFG','11','Module Code Int For Committee Module','A','KC')
*
ERROR at line 1:
ORA-00001: unique constraint (KCSO.KRNS_PARM_TP1) violated



1 row updated.


1 row updated.


1 row updated.


1 row created.


1 row created.


1 row created.

Insert into SPONSOR_HIERARCHY (HIERARCHY_NAME,SPONSOR_CODE,LEVEL1,LEVEL2,LEVEL3,LEVEL4,LEVEL5,LEVEL6,LEVEL7,LEVEL8,LEVEL9,LEVEL10,UPDATE_TIMESTAMP,UPDATE_USER,LEVEL1_SORTID,LEVEL2_SORTID,LEVEL3_SORTID,LEVEL4_SORTID,LEVEL5_SORTID,LEVEL6_SORTID,LEVEL7_SORTID,LEVEL8_SORTID,LEVEL9_SORTID,LEVEL10_SORTID,VER_NBR,OBJ_ID) values ('NIH Multiple PI','000440','NIH Multiple PI',null,null,null,null,null,null,null,null,null,SYSDATE,USER,1,null,null,null,null,null,null,null,null,null,1,SYS_GUID())
*
ERROR at line 1:
ORA-00001: unique constraint (KCSO.SPONSOR_HIERARCHYP1) violated



1 row created.


1 row created.

INSERT INTO KRCR_PARM_T(NMSPC_CD, CMPNT_CD, PARM_NM, OBJ_ID, VER_NBR, PARM_TYP_CD, VAL, PARM_DESC_TXT, EVAL_OPRTR_CD, APPL_ID) VALUES ('KC-GEN', 'All', 'EnableFrequencyValidationForNull', SYS_GUID(), '1', 'CONFG', 'Y', 'Enable Frequency Code Validation for Null', 'A', 'KC')
*
ERROR at line 1:
ORA-00001: unique constraint (KCSO.KRNS_PARM_TP1) violated



1 row created.


1 row created.


1 row created.


1 row created.


1 row created.


1 row created.


1 row created.


1 row created.


1 row created.


1 row created.


1 row created.


1 row created.


1 row created.

INSERT INTO KRCR_PARM_T(NMSPC_CD, CMPNT_CD, PARM_NM, OBJ_ID, VER_NBR, PARM_TYP_CD, VAL, PARM_DESC_TXT, EVAL_OPRTR_CD, APPL_ID) VALUES ('KC-AWARD', 'Document', 'SPL_REV_TYPE_CODE_HUMAN' , SYS_GUID(), '1', 'CONFG', '1', 'Special Review Type Code for Human', 'A', 'KC')
*
ERROR at line 1:
ORA-00001: unique constraint (KCSO.KRNS_PARM_TP1) violated



Commit complete.

Disconnected from Oracle Database 11g Enterprise Edition Release 11.2.0.4.0 - 64bit Production
With the Partitioning, OLAP, Data Mining and Real Application Testing options
