
SQL*Plus: Release 10.2.0.4.0 - Production on Sat Apr 25 23:15:50 2015

Copyright (c) 1982, 2007, Oracle.  All Rights Reserved.


Connected to:
Oracle Database 11g Enterprise Edition Release 11.2.0.4.0 - 64bit Production
With the Partitioning, OLAP, Data Mining and Real Application Testing options


Table truncated.


913 rows created.


Commit complete.


PL/SQL procedure successfully completed.


Commit complete.


Table altered.


Table altered.


Table altered.


Table truncated.


0 rows created.


Table truncated.


172 rows created.


Table truncated.


116 rows created.


Table truncated.


129 rows created.


Table altered.


Table altered.


Table altered.


PL/SQL procedure successfully completed.


PL/SQL procedure successfully completed.


PL/SQL procedure successfully completed.


PL/SQL procedure successfully completed.


Table altered.


Table altered.


Table altered.


Table altered.


Table altered.


Table altered.


Table altered.


Table altered.


Table altered.


Table altered.


Table altered.

TRUNCATE TABLE rolodex
               *
ERROR at line 1:
ORA-02266: unique/primary keys in table referenced by enabled foreign keys


INSERT INTO rolodex(
*
ERROR at line 1:
ORA-00001: unique constraint (KCSO.ROLODEXP1) violated



PL/SQL procedure successfully completed.


Table altered.


Table altered.


Table altered.


Table altered.


Table altered.


Table altered.


Table altered.


Table altered.


Table altered.


Table altered.


Table altered.


Table altered.


Table altered.


Table altered.


Table altered.


Table altered.


Table altered.


Table altered.


Table altered.


Table altered.


Table altered.


Table altered.


Table altered.


Table altered.


Table altered.


Table altered.


Table altered.


Table truncated.


586 rows created.


Table truncated.


3303 rows created.


Table altered.


Table altered.


Table altered.


Table altered.


Table altered.


Table altered.


Table altered.


Table altered.


Table altered.


Table altered.


Table altered.


Table altered.


Table altered.


Table altered.


Table altered.


Table altered.


Table created.


Table created.


Table created.


Table created.


PL/SQL procedure successfully completed.


0 rows deleted.


0 rows deleted.


0 rows deleted.


0 rows deleted.


0 rows deleted.


0 rows deleted.


0 rows deleted.


0 rows deleted.


0 rows deleted.


0 rows deleted.


0 rows deleted.


0 rows deleted.


0 rows deleted.


0 rows deleted.


0 rows deleted.


0 rows deleted.


0 rows deleted.


0 rows deleted.


0 rows deleted.


0 rows deleted.


0 rows deleted.


0 rows deleted.


0 rows deleted.


Commit complete.


42983 rows created.

INSERT INTO BUDGET_DOCUMENT(DOCUMENT_NUMBER,PARENT_DOCUMENT_KEY,VER_NBR,UPDATE_TIMESTAMP,UPDATE_USER,PARENT_DOCUMENT_TYPE_CODE,OBJ_ID,BUDGET_DELETED)
*
ERROR at line 1:
ORA-00001: unique constraint (KCSO.BUDGET_DOCUMENTP1) violated



Commit complete.


Table created.

CREATE TABLE TMP_STAG_BUDGET AS SELECT BUDGET_ID,BUDGET_JUSTIFICATION,COMMENTS FROM BUDGET@KC_STAG_DB_LINK
             *
ERROR at line 1:
ORA-00955: name is already used by an existing object


SP2-0310: unable to open file "_DATE,END_DATE,TOTAL_COST,TOTAL_DIRECT_COST,TOTAL_INDIRECT_COST,COST_SHARING_AMOUNT,UNDERRECOVERY_AMOUNT,RESIDUAL_FUNDS,.sql"
SP2-0734: unknown command beginning "TOTAL_COST..." - rest of line ignored.
SP2-0734: unknown command beginning "MODULAR_BU..." - rest of line ignored.
*/
 *
ERROR at line 6:
ORA-00936: missing expression


  1  SELECT t1.prod_budget_id,t2.BUDGET_ID, t2.budget_justification,t2.on_off_campus_flag,t2.version_number,t1.prod_bud_doc_id,t2.parent_document_type_code,
  2  t2.start_date,t2.end_date,t2.total_cost,t2.total_direct_cost,t2.total_indirect_cost,t2.cost_sharing_amount,t2.underrecovery_amount,t2.residual_funds,
  3  t2.total_cost_limit,t2.oh_rate_class_code,t2.oh_rate_type_code,t2.comments,t2.final_version_flag,t2.update_timestamp,t2.update_user,t2.ur_rate_class_code,
  4  t2.modular_budget_flag,t2.ver_nbr,t2.total_direct_cost_limit,t2.submit_cost_sharing
  5  from go_live_awd_bgt_mapping t1 inner join BUDGET@KC_STAG_DB_LINK t2 on t1.stage_budget_id = t2.budget_id
  6  */
  7  declare
  8  cursor c_data is
  9  	SELECT t1.prod_budget_id,t2.BUDGET_ID,t2.on_off_campus_flag,t2.version_number,t1.prod_bud_doc_id,t2.parent_document_type_code,
 10  	t2.start_date,t2.end_date,t2.total_cost,t2.total_direct_cost,t2.total_indirect_cost,t2.cost_sharing_amount,t2.underrecovery_amount,t2.residual_funds,
 11  	t2.total_cost_limit,t2.oh_rate_class_code,t2.oh_rate_type_code,t2.final_version_flag,t2.update_timestamp,t2.update_user,t2.ur_rate_class_code,
 12  	t2.modular_budget_flag,t2.ver_nbr,sys_guid(),t2.total_direct_cost_limit,t2.submit_cost_sharing
 13* 	from go_live_awd_bgt_mapping t1 inner join BUDGET@KC_STAG_DB_LINK t2 on t1.stage_budget_id = t2.budget_id
*/
 *
ERROR at line 6:
ORA-00936: missing expression


SP2-0734: unknown command beginning "ll_bgt_jus..." - rest of line ignored.
SP2-0734: unknown command beginning "ll_comment..." - rest of line ignored.
	open c_data;
	     *
ERROR at line 2:
ORA-06550: line 2, column 7:
PLS-00201: identifier 'C_DATA' must be declared
ORA-06550: line 2, column 2:
PL/SQL: SQL Statement ignored
ORA-06550: line 4, column 8:
PLS-00201: identifier 'C_DATA' must be declared
ORA-06550: line 4, column 2:
PL/SQL: SQL Statement ignored
ORA-06550: line 5, column 12:
PLS-00201: identifier 'C_DATA' must be declared
ORA-06550: line 5, column 2:
PL/SQL: Statement ignored
ORA-06550: line 8, column 95:
PL/SQL: ORA-00904: "R_DATA"."BUDGET_ID": invalid identifier
ORA-06550: line 8, column 4:
PL/SQL: SQL Statement ignored
ORA-06550: line 10, column 4:
PLS-00201: identifier 'LL_BGT_JUSTI_CLOB' must be declared
ORA-06550: line 10, column 4:
PL/SQL: Statement ignored
ORA-06550: line 14, column 76:
PL/SQL: ORA-00904: "R_DATA"."BUDGET_ID": invalid identifier
ORA-06550: line 14, column 4:
PL/SQL: SQL Statement ignored
ORA-06550: line 16, column 4:
PLS-00201: identifier 'LL_COMMENT' must be declared
ORA-06550: line 16, column 4:
PL/SQL: Statement ignored
ORA-06550: line 26, column 93:
PL/S



Table dropped.


Commit complete.


PL/SQL procedure successfully completed.


Commit complete.


0 rows created.


Commit complete.


0 rows created.

declare
*
ERROR at line 1:
ORA-02291: integrity constraint (KCSO.FK_BUDGET_PERSONS) violated - parent key
not found
ORA-06512: at line 26



PL/SQL procedure successfully completed.


PL/SQL procedure successfully completed.


PL/SQL procedure successfully completed.


Table created.


PL/SQL procedure successfully completed.


Table dropped.


PL/SQL procedure successfully completed.


PL/SQL procedure successfully completed.

INSERT INTO AWARD_BUDGET_EXT(budget_id,award_budget_status_code,award_budget_type_code,ver_nbr,update_timestamp,update_user,
*
ERROR at line 1:
ORA-02291: integrity constraint (KCSO.FK_AWARD_BUDGET_EXT) violated - parent
key not found



Commit complete.


0 rows created.


Commit complete.


0 rows created.


Commit complete.

INSERT INTO AWARD_BUDGET_LIMIT(BUDGET_LIMIT_ID,AWARD_ID,BUDGET_ID,LIMIT_TYPE,LIMIT_AMOUNT,VER_NBR,UPDATE_TIMESTAMP,UPDATE_USER,OBJ_ID)
*
ERROR at line 1:
ORA-02291: integrity constraint (KCSO.FK2_AWARD_BUDGET_LIMIT) violated - parent
key not found



Commit complete.


Table altered.


Table altered.


Table altered.


Table altered.


Table altered.


Table altered.


Table altered.


Table truncated.


222 rows created.


Table truncated.


63 rows created.


Table truncated.


6 rows created.


Table truncated.


22 rows created.


Table truncated.


1110 rows created.


Table truncated.


23 rows created.


Table truncated.


13 rows created.

alter table QUESTIONNAIRE_ANSWER enable constraint FK_QUESTIONNAIRE_ANS_QID
                                                   *
ERROR at line 1:
ORA-02298: cannot validate (KCSO.FK_QUESTIONNAIRE_ANS_QID) - parent keys not
found



Table altered.


Table altered.


Table altered.


Table altered.

alter table QUESTIONNAIRE_ANSWER_HEADER enable constraint FK_QUESTIONNAIRE_QID
                                                          *
ERROR at line 1:
ORA-02298: cannot validate (KCSO.FK_QUESTIONNAIRE_QID) - parent keys not found



Table altered.


Commit complete.


PL/SQL procedure successfully completed.


   NEXTVAL
----------
      2008


Sequence altered.


   NEXTVAL
----------
      1006


Sequence altered.


   NEXTVAL
----------
    220070


Sequence altered.


Table altered.


Table altered.


Table truncated.


248 rows created.


Table altered.


Table truncated.


124 rows created.


Table altered.


Table altered.


Table truncated.


106 rows created.


Table altered.


Table altered.


Table altered.


Table altered.


Table altered.


Table altered.


Table truncated.


138 rows created.


Table altered.


Table truncated.


106 rows created.


Table altered.


Table altered.


Table altered.


Table altered.


Table altered.


Table altered.


Table altered.


Table altered.


Table truncated.


10 rows created.


Table altered.


Table altered.


Table altered.


Table altered.


Table altered.


Table altered.


Table altered.


Table altered.


Table altered.


Table altered.


Table truncated.


236 rows created.


Table altered.


Table altered.


Table truncated.


0 rows created.


Table altered.


Table altered.


Table altered.


Table altered.


Table altered.


Table altered.


Table altered.


Table truncated.


9 rows created.


Table altered.


Table altered.


Table altered.


Table altered.


Table altered.


Table altered.


Table altered.


Table altered.


Table truncated.


28 rows created.


Table altered.


Table truncated.


13 rows created.


Table altered.


Table truncated.


0 rows created.


Table altered.


Table truncated.


9 rows created.


Table altered.


Table altered.


Table truncated.


197 rows created.


Table altered.


Table altered.


Table truncated.


27 rows created.


Table altered.


Table altered.


Table altered.


Table altered.


Table truncated.


0 rows created.


Table altered.


Table truncated.


216 rows created.


Table altered.


Table truncated.


139 rows created.


Table altered.


Table altered.


Table truncated.


0 rows created.


Table altered.


Table altered.


Table truncated.


0 rows created.


Table altered.


Table altered.


Table truncated.


0 rows created.


Table truncated.


0 rows created.


Table altered.


Table truncated.


978 rows created.


Table altered.


Table altered.


Table altered.


Table altered.


Table altered.


Table truncated.


374 rows created.


Table altered.


Table altered.


Table altered.


Table truncated.


0 rows created.


Table altered.


Table altered.


Table truncated.


100 rows created.


Table altered.


Table truncated.


138 rows created.


Table altered.


Table truncated.


42 rows created.


Table altered.


Table altered.


Table truncated.


0 rows created.


Table altered.


Table altered.


Table truncated.


0 rows created.


Table altered.


Table truncated.


85 rows created.


Table altered.


Table altered.


Table truncated.


138 rows created.


Table altered.


Table altered.


Table truncated.


193 rows created.


Table altered.


Table altered.


Table altered.


Table altered.


Table altered.


Table truncated.


200 rows created.


Table altered.


Table altered.


Table altered.

ALTER TABLE KRMS_TERM_T ENABLE CONSTRAINT KRMS_TERM_T__FK1
                                          *
ERROR at line 1:
ORA-02298: cannot validate (KCSO.KRMS_TERM_T__FK1) - parent keys not found



Table altered.


Table altered.


Table truncated.


174 rows created.


Table altered.


Table altered.


Table truncated.


15 rows created.


Table altered.


Table altered.


Table truncated.


0 rows created.


Table truncated.


18 rows created.


0 rows deleted.


0 rows deleted.


Table altered.


Table altered.


Table altered.


Table altered.


Table altered.


Table altered.


Table altered.


Table altered.


Table altered.


Table altered.


Table altered.


Table altered.


Table altered.


Table altered.


Table altered.


Table altered.


Table altered.


Table altered.


Table altered.


Table altered.


Table altered.


Table altered.


Table altered.


Table altered.


Table altered.


Table altered.


Table altered.


Table altered.


Table altered.


Table altered.


Table altered.


Table altered.


Table altered.


Table altered.


Table altered.


Table altered.


Table altered.


Table altered.


Table altered.


Table altered.


Table altered.


Table altered.


Table altered.


Table altered.


Table altered.


Table altered.


Table altered.


Table altered.


Table altered.


Table altered.


Table altered.


Table altered.


PL/SQL procedure successfully completed.


PL/SQL procedure successfully completed.


PL/SQL procedure successfully completed.


PL/SQL procedure successfully completed.


PL/SQL procedure successfully completed.


PL/SQL procedure successfully completed.


PL/SQL procedure successfully completed.


PL/SQL procedure successfully completed.


PL/SQL procedure successfully completed.


PL/SQL procedure successfully completed.


PL/SQL procedure successfully completed.


PL/SQL procedure successfully completed.


PL/SQL procedure successfully completed.


PL/SQL procedure successfully completed.


PL/SQL procedure successfully completed.


PL/SQL procedure successfully completed.


PL/SQL procedure successfully completed.


PL/SQL procedure successfully completed.


PL/SQL procedure successfully completed.


PL/SQL procedure successfully completed.


PL/SQL procedure successfully completed.


PL/SQL procedure successfully completed.


PL/SQL procedure successfully completed.


PL/SQL procedure successfully completed.


PL/SQL procedure successfully completed.


PL/SQL procedure successfully completed.


PL/SQL procedure successfully completed.


PL/SQL procedure successfully completed.


PL/SQL procedure successfully completed.


PL/SQL procedure successfully completed.


PL/SQL procedure successfully completed.


PL/SQL procedure successfully completed.


PL/SQL procedure successfully completed.


PL/SQL procedure successfully completed.


Commit complete.

Disconnected from Oracle Database 11g Enterprise Edition Release 11.2.0.4.0 - 64bit Production
With the Partitioning, OLAP, Data Mining and Real Application Testing options
